2022-09-07T14:32:22.494+00:00 WARN CBAS.util.PreferSystemPropertiesPropertySource [main] System properties is the preferred source of log4j properties
2022-09-07T14:32:25.398+00:00 INFO CBAS.bootstrap.AnalyticsNCApplication [main] Starting Couchbase Analytics driver, version: {"build.date":"Wed Jun 29 04:04:00 UTC 2022","build.number":"3175","build.version":"7.1.1"}
2022-09-07T14:32:25.560+00:00 WARN CBAS.nc.NCAppRuntimeContext [main] Deleting the storage dir. initialRun = false, systemState = PERMANENT_DATA_LOSS
2022-09-07T14:32:25.886+00:00 WARN CBAS.cluster.NodeManager [Worker:ClusterController] +addNode: 1678dfae96c38e07dff43c49b9f6967b
2022-09-07T14:32:26.609+00:00 WARN CBAS.server.AnalyticsHttpsServerInitializer [main] Configured SSL Context using configuration {"certificatePath":"/opt/couchbase/var/lib/couchbase/config/certs/chain.pem","trustedCAPath":"/opt/couchbase/var/lib/couchbase/config/certs/ca.pem","privateKeyPath":"/opt/couchbase/var/lib/couchbase/config/certs/pkey.pem","clientCertAuthType":"NONE","supportedCiphers":["TLS_AES_256_GCM_SHA384","TLS_CHACHA20_POLY1305_SHA256","TLS_AES_128_GCM_SHA256","TLS_ECDHE_ECDSA_WITH_AES_256_GCM_SHA384","TLS_ECDHE_ECDSA_WITH_AES_128_GCM_SHA256","TLS_ECDHE_RSA_WITH_AES_256_GCM_SHA384","TLS_ECDHE_RSA_WITH_AES_128_GCM_SHA256","TLS_ECDHE_ECDSA_WITH_AES_256_CBC_SHA","TLS_ECDHE_RSA_WITH_AES_256_CBC_SHA","TLS_RSA_WITH_AES_256_CBC_SHA","TLS_RSA_WITH_AES_128_CBC_SHA"],"minTlsVersion":1.2,"preferServerCipherSuites":true,"supportedProtocols":["TLSv1.3","TLSv1.2"],"clientAuth":"NONE"}
2022-09-07T14:32:26.769+00:00 WARN CBAS.nc.ReplicaManager [Executor-11:1678dfae96c38e07dff43c49b9f6967b] promoting partition -1
2022-09-07T14:32:33.360+00:00 WARN CBAS.recovery.AbstractCheckpointManager [Executor-11:1678dfae96c38e07dff43c49b9f6967b] Reading checkpoint file: /opt/couchbase/var/lib/couchbase/data/@analytics/v_iodevice_0/txn-log/checkpoint_0
2022-09-07T14:32:34.938+00:00 WARN CBAS.topology.PartitionsTopology [Executor-10:ClusterController] updating initial topology
2022-09-08T12:07:47.292+00:00 WARN CBAS.util.PreferSystemPropertiesPropertySource [main] System properties is the preferred source of log4j properties
2022-09-08T12:07:52.948+00:00 INFO CBAS.bootstrap.AnalyticsNCApplication [main] Starting Couchbase Analytics driver, version: {"build.date":"Wed Jun 29 04:04:00 UTC 2022","build.number":"3175","build.version":"7.1.1"}
2022-09-08T12:07:53.120+00:00 WARN CBAS.recovery.AbstractCheckpointManager [main] Reading checkpoint file: /opt/couchbase/var/lib/couchbase/data/@analytics/v_iodevice_0/txn-log/checkpoint_0
2022-09-08T12:07:53.304+00:00 WARN CBAS.recovery.AbstractCheckpointManager [main] Reading checkpoint file: /opt/couchbase/var/lib/couchbase/data/@analytics/v_iodevice_0/txn-log/checkpoint_0
2022-09-08T12:07:53.530+00:00 WARN CBAS.recovery.AbstractCheckpointManager [main] Reading checkpoint file: /opt/couchbase/var/lib/couchbase/data/@analytics/v_iodevice_0/txn-log/checkpoint_0
2022-09-08T12:07:53.543+00:00 WARN CBAS.recovery.AbstractCheckpointManager [main] Reading checkpoint file: /opt/couchbase/var/lib/couchbase/data/@analytics/v_iodevice_0/txn-log/checkpoint_0
2022-09-08T12:07:53.698+00:00 WARN CBAS.cluster.NodeManager [Worker:ClusterController] +addNode: 1678dfae96c38e07dff43c49b9f6967b
2022-09-08T12:08:00.832+00:00 WARN CBAS.server.AnalyticsHttpsServerInitializer [main] Configured SSL Context using configuration {"certificatePath":"/opt/couchbase/var/lib/couchbase/config/certs/chain.pem","trustedCAPath":"/opt/couchbase/var/lib/couchbase/config/certs/ca.pem","privateKeyPath":"/opt/couchbase/var/lib/couchbase/config/certs/pkey.pem","clientCertAuthType":"NONE","supportedCiphers":["TLS_AES_256_GCM_SHA384","TLS_CHACHA20_POLY1305_SHA256","TLS_AES_128_GCM_SHA256","TLS_ECDHE_ECDSA_WITH_AES_256_GCM_SHA384","TLS_ECDHE_ECDSA_WITH_AES_128_GCM_SHA256","TLS_ECDHE_RSA_WITH_AES_256_GCM_SHA384","TLS_ECDHE_RSA_WITH_AES_128_GCM_SHA256","TLS_ECDHE_ECDSA_WITH_AES_256_CBC_SHA","TLS_ECDHE_RSA_WITH_AES_256_CBC_SHA","TLS_RSA_WITH_AES_256_CBC_SHA","TLS_RSA_WITH_AES_128_CBC_SHA"],"minTlsVersion":1.2,"preferServerCipherSuites":true,"supportedProtocols":["TLSv1.3","TLSv1.2"],"clientAuth":"NONE"}
2022-09-08T12:08:00.862+00:00 WARN CBAS.recovery.AbstractCheckpointManager [Executor-11:1678dfae96c38e07dff43c49b9f6967b] Reading checkpoint file: /opt/couchbase/var/lib/couchbase/data/@analytics/v_iodevice_0/txn-log/checkpoint_0
2022-09-08T12:08:05.842+00:00 WARN CBAS.recovery.AbstractCheckpointManager [Executor-11:1678dfae96c38e07dff43c49b9f6967b] Reading checkpoint file: /opt/couchbase/var/lib/couchbase/data/@analytics/v_iodevice_0/txn-log/checkpoint_0
2022-09-08T12:08:07.892+00:00 WARN CBAS.recovery.AbstractCheckpointManager [Executor-11:1678dfae96c38e07dff43c49b9f6967b] Reading checkpoint file: /opt/couchbase/var/lib/couchbase/data/@analytics/v_iodevice_0/txn-log/checkpoint_0
2022-09-08T12:08:07.895+00:00 WARN CBAS.recovery.AbstractCheckpointManager [Executor-11:1678dfae96c38e07dff43c49b9f6967b] Reading checkpoint file: /opt/couchbase/var/lib/couchbase/data/@analytics/v_iodevice_0/txn-log/checkpoint_1
