[couchdb:info,2022-09-07T14:28:16.462Z,couchdb_ns_1@cb.local:couch_audit<0.278.0>:couch_log:info:30]Couch audit settings changed <ud>[{audit_enabled,false},
                                  {disabled_users,[]},
                                  {enabled_events,[]}]</ud>
[couchdb:info,2022-09-07T14:28:17.514Z,couchdb_ns_1@cb.local:couch_audit<0.278.0>:couch_log:info:30]Unable to connect to memcahced: {error,{badmatch,{error,econnrefused}}}.
[couchdb:error,2022-09-07T14:28:17.514Z,couchdb_ns_1@cb.local:couch_audit<0.278.0>:couch_log:error:33]Error in sending log messsage to memcached Reason: no_socket
[couchdb:info,2022-09-07T14:29:15.334Z,couchdb_ns_1@cb.local:couch_query_logger<0.220.0>:couch_log:info:30]Query-Volume
---
[couchdb:info,2022-09-07T14:30:15.335Z,couchdb_ns_1@cb.local:couch_query_logger<0.220.0>:couch_log:info:30]Query-Volume
---
[couchdb:info,2022-09-07T14:31:15.336Z,couchdb_ns_1@cb.local:couch_query_logger<0.220.0>:couch_log:info:30]Query-Volume
---
[couchdb:info,2022-09-07T14:32:15.337Z,couchdb_ns_1@cb.local:couch_query_logger<0.220.0>:couch_log:info:30]Query-Volume
---
[couchdb:info,2022-09-07T14:32:25.971Z,couchdb_ns_1@cb.local:<0.2945.0>:couch_log:info:30]Deleting couch file "/opt/couchbase/var/lib/couchbase/data/todo/master.couch.1.compact" with renaming it to "/opt/couchbase/var/lib/couchbase/data/.delete/f55946689a7f8322cec614a7463c9f12"
[couchdb:info,2022-09-07T14:32:25.995Z,couchdb_ns_1@cb.local:<0.2945.0>:couch_log:info:30]Deleting couch file "/opt/couchbase/var/lib/couchbase/data/todo/master.couch.1.compact" with renaming it to "/opt/couchbase/var/lib/couchbase/data/.delete/dc3f994f303397dbce733a671c72bac9"
[couchdb:info,2022-09-07T14:32:26.029Z,couchdb_ns_1@cb.local:couch_view<0.239.0>:couch_log:info:30]Deleting couch file "/opt/couchbase/var/lib/couchbase/data/.todo/master_temp" with renaming it to "/opt/couchbase/var/lib/couchbase/data/.delete/48e341a6a360aa3749ae8f4bd4463056"
[couchdb:info,2022-09-07T14:32:26.038Z,couchdb_ns_1@cb.local:couch_view<0.239.0>:couch_log:info:30]Deleting couch file "/opt/couchbase/var/lib/couchbase/data/.todo/master_temp" with renaming it to "/opt/couchbase/var/lib/couchbase/data/.delete/1f223eda9c7500c53fdd2734de8fda85"
[couchdb:info,2022-09-07T14:33:15.338Z,couchdb_ns_1@cb.local:couch_query_logger<0.220.0>:couch_log:info:30]Query-Volume
---
[couchdb:info,2022-09-07T14:34:15.339Z,couchdb_ns_1@cb.local:couch_query_logger<0.220.0>:couch_log:info:30]Query-Volume
---
[couchdb:info,2022-09-07T14:35:15.340Z,couchdb_ns_1@cb.local:couch_query_logger<0.220.0>:couch_log:info:30]Query-Volume
---
[couchdb:info,2022-09-07T14:36:15.341Z,couchdb_ns_1@cb.local:couch_query_logger<0.220.0>:couch_log:info:30]Query-Volume
---
[couchdb:info,2022-09-07T14:37:15.342Z,couchdb_ns_1@cb.local:couch_query_logger<0.220.0>:couch_log:info:30]Query-Volume
---
[couchdb:info,2022-09-07T14:38:15.343Z,couchdb_ns_1@cb.local:couch_query_logger<0.220.0>:couch_log:info:30]Query-Volume
---
[couchdb:info,2022-09-07T14:39:15.344Z,couchdb_ns_1@cb.local:couch_query_logger<0.220.0>:couch_log:info:30]Query-Volume
---
[couchdb:info,2022-09-07T14:40:15.345Z,couchdb_ns_1@cb.local:couch_query_logger<0.220.0>:couch_log:info:30]Query-Volume
---
[couchdb:info,2022-09-07T14:41:15.346Z,couchdb_ns_1@cb.local:couch_query_logger<0.220.0>:couch_log:info:30]Query-Volume
---
[couchdb:info,2022-09-07T14:42:15.347Z,couchdb_ns_1@cb.local:couch_query_logger<0.220.0>:couch_log:info:30]Query-Volume
---
[couchdb:info,2022-09-07T14:43:15.348Z,couchdb_ns_1@cb.local:couch_query_logger<0.220.0>:couch_log:info:30]Query-Volume
---
[couchdb:info,2022-09-07T14:44:15.349Z,couchdb_ns_1@cb.local:couch_query_logger<0.220.0>:couch_log:info:30]Query-Volume
---
[couchdb:info,2022-09-07T14:45:15.350Z,couchdb_ns_1@cb.local:couch_query_logger<0.220.0>:couch_log:info:30]Query-Volume
---
[couchdb:info,2022-09-07T14:46:15.351Z,couchdb_ns_1@cb.local:couch_query_logger<0.220.0>:couch_log:info:30]Query-Volume
---
[couchdb:info,2022-09-07T14:47:15.352Z,couchdb_ns_1@cb.local:couch_query_logger<0.220.0>:couch_log:info:30]Query-Volume
---
[couchdb:info,2022-09-07T14:48:15.353Z,couchdb_ns_1@cb.local:couch_query_logger<0.220.0>:couch_log:info:30]Query-Volume
---
[couchdb:info,2022-09-07T14:49:15.354Z,couchdb_ns_1@cb.local:couch_query_logger<0.220.0>:couch_log:info:30]Query-Volume
---
[couchdb:info,2022-09-07T14:50:15.355Z,couchdb_ns_1@cb.local:couch_query_logger<0.220.0>:couch_log:info:30]Query-Volume
---
[couchdb:info,2022-09-07T14:51:15.356Z,couchdb_ns_1@cb.local:couch_query_logger<0.220.0>:couch_log:info:30]Query-Volume
---
[couchdb:info,2022-09-07T14:52:15.357Z,couchdb_ns_1@cb.local:couch_query_logger<0.220.0>:couch_log:info:30]Query-Volume
---
[couchdb:info,2022-09-07T14:53:15.358Z,couchdb_ns_1@cb.local:couch_query_logger<0.220.0>:couch_log:info:30]Query-Volume
---
[couchdb:info,2022-09-07T14:54:15.359Z,couchdb_ns_1@cb.local:couch_query_logger<0.220.0>:couch_log:info:30]Query-Volume
---
[couchdb:info,2022-09-07T14:55:15.360Z,couchdb_ns_1@cb.local:couch_query_logger<0.220.0>:couch_log:info:30]Query-Volume
---
[couchdb:info,2022-09-07T14:56:15.361Z,couchdb_ns_1@cb.local:couch_query_logger<0.220.0>:couch_log:info:30]Query-Volume
---
[couchdb:info,2022-09-08T12:07:41.856Z,couchdb_ns_1@cb.local:couch_audit<0.280.0>:couch_log:info:30]Couch audit settings changed <ud>[{audit_enabled,false},
                                  {disabled_users,[]},
                                  {enabled_events,[]}]</ud>
[couchdb:info,2022-09-08T12:07:42.890Z,couchdb_ns_1@cb.local:couch_audit<0.280.0>:couch_log:info:30]Unable to connect to memcahced: {error,{badmatch,{error,econnrefused}}}.
[couchdb:error,2022-09-08T12:07:42.890Z,couchdb_ns_1@cb.local:couch_audit<0.280.0>:couch_log:error:33]Error in sending log messsage to memcached Reason: no_socket
[couchdb:info,2022-09-08T12:08:41.434Z,couchdb_ns_1@cb.local:couch_query_logger<0.222.0>:couch_log:info:30]Query-Volume
---
[couchdb:info,2022-09-08T12:09:41.435Z,couchdb_ns_1@cb.local:couch_query_logger<0.222.0>:couch_log:info:30]Query-Volume
---
[couchdb:info,2022-09-08T12:10:41.436Z,couchdb_ns_1@cb.local:couch_query_logger<0.222.0>:couch_log:info:30]Query-Volume
---
[couchdb:info,2022-09-08T12:11:41.437Z,couchdb_ns_1@cb.local:couch_query_logger<0.222.0>:couch_log:info:30]Query-Volume
---
[couchdb:info,2022-09-08T12:12:41.438Z,couchdb_ns_1@cb.local:couch_query_logger<0.222.0>:couch_log:info:30]Query-Volume
---
[couchdb:info,2022-09-08T12:13:41.439Z,couchdb_ns_1@cb.local:couch_query_logger<0.222.0>:couch_log:info:30]Query-Volume
---
[couchdb:info,2022-09-08T12:14:41.441Z,couchdb_ns_1@cb.local:couch_query_logger<0.222.0>:couch_log:info:30]Query-Volume
---
[couchdb:info,2022-09-08T12:15:41.442Z,couchdb_ns_1@cb.local:couch_query_logger<0.222.0>:couch_log:info:30]Query-Volume
---
[couchdb:info,2022-09-08T12:16:41.442Z,couchdb_ns_1@cb.local:couch_query_logger<0.222.0>:couch_log:info:30]Query-Volume
---
[couchdb:info,2022-09-08T12:17:41.444Z,couchdb_ns_1@cb.local:couch_query_logger<0.222.0>:couch_log:info:30]Query-Volume
---
[couchdb:info,2022-09-08T12:18:41.444Z,couchdb_ns_1@cb.local:couch_query_logger<0.222.0>:couch_log:info:30]Query-Volume
---
[couchdb:info,2022-09-08T12:19:41.445Z,couchdb_ns_1@cb.local:couch_query_logger<0.222.0>:couch_log:info:30]Query-Volume
---
[couchdb:info,2022-09-08T12:20:41.446Z,couchdb_ns_1@cb.local:couch_query_logger<0.222.0>:couch_log:info:30]Query-Volume
---
[couchdb:info,2022-09-08T12:21:41.448Z,couchdb_ns_1@cb.local:couch_query_logger<0.222.0>:couch_log:info:30]Query-Volume
---
[couchdb:info,2022-09-08T12:22:41.449Z,couchdb_ns_1@cb.local:couch_query_logger<0.222.0>:couch_log:info:30]Query-Volume
---
[couchdb:info,2022-09-08T12:23:41.449Z,couchdb_ns_1@cb.local:couch_query_logger<0.222.0>:couch_log:info:30]Query-Volume
---
[couchdb:info,2022-09-08T12:24:41.450Z,couchdb_ns_1@cb.local:couch_query_logger<0.222.0>:couch_log:info:30]Query-Volume
---
[couchdb:info,2022-09-08T12:25:41.451Z,couchdb_ns_1@cb.local:couch_query_logger<0.222.0>:couch_log:info:30]Query-Volume
---
[couchdb:info,2022-09-08T12:26:41.452Z,couchdb_ns_1@cb.local:couch_query_logger<0.222.0>:couch_log:info:30]Query-Volume
---
[couchdb:info,2022-09-08T12:27:41.453Z,couchdb_ns_1@cb.local:couch_query_logger<0.222.0>:couch_log:info:30]Query-Volume
---
[couchdb:info,2022-09-08T12:28:41.454Z,couchdb_ns_1@cb.local:couch_query_logger<0.222.0>:couch_log:info:30]Query-Volume
---
[couchdb:info,2022-09-08T12:29:41.455Z,couchdb_ns_1@cb.local:couch_query_logger<0.222.0>:couch_log:info:30]Query-Volume
---
[couchdb:info,2022-09-08T12:30:41.456Z,couchdb_ns_1@cb.local:couch_query_logger<0.222.0>:couch_log:info:30]Query-Volume
---
[couchdb:info,2022-09-08T12:31:41.458Z,couchdb_ns_1@cb.local:couch_query_logger<0.222.0>:couch_log:info:30]Query-Volume
---
[couchdb:info,2022-09-08T12:32:41.458Z,couchdb_ns_1@cb.local:couch_query_logger<0.222.0>:couch_log:info:30]Query-Volume
---
[couchdb:info,2022-09-08T12:33:41.459Z,couchdb_ns_1@cb.local:couch_query_logger<0.222.0>:couch_log:info:30]Query-Volume
---
[couchdb:info,2022-09-08T12:34:41.460Z,couchdb_ns_1@cb.local:couch_query_logger<0.222.0>:couch_log:info:30]Query-Volume
---
[couchdb:info,2022-09-08T12:35:41.461Z,couchdb_ns_1@cb.local:couch_query_logger<0.222.0>:couch_log:info:30]Query-Volume
---
[couchdb:info,2022-09-08T12:36:41.462Z,couchdb_ns_1@cb.local:couch_query_logger<0.222.0>:couch_log:info:30]Query-Volume
---
[couchdb:info,2022-09-08T12:37:41.463Z,couchdb_ns_1@cb.local:couch_query_logger<0.222.0>:couch_log:info:30]Query-Volume
---
[couchdb:info,2022-09-08T12:38:41.465Z,couchdb_ns_1@cb.local:couch_query_logger<0.222.0>:couch_log:info:30]Query-Volume
---
[couchdb:info,2022-09-08T12:39:41.466Z,couchdb_ns_1@cb.local:couch_query_logger<0.222.0>:couch_log:info:30]Query-Volume
---
[couchdb:info,2022-09-08T12:40:41.466Z,couchdb_ns_1@cb.local:couch_query_logger<0.222.0>:couch_log:info:30]Query-Volume
---
[couchdb:info,2022-09-08T12:41:41.468Z,couchdb_ns_1@cb.local:couch_query_logger<0.222.0>:couch_log:info:30]Query-Volume
---
[couchdb:info,2022-09-08T12:42:41.468Z,couchdb_ns_1@cb.local:couch_query_logger<0.222.0>:couch_log:info:30]Query-Volume
---
[couchdb:info,2022-09-08T12:43:41.470Z,couchdb_ns_1@cb.local:couch_query_logger<0.222.0>:couch_log:info:30]Query-Volume
---
[couchdb:info,2022-09-08T12:44:41.470Z,couchdb_ns_1@cb.local:couch_query_logger<0.222.0>:couch_log:info:30]Query-Volume
---
[couchdb:info,2022-09-08T12:45:41.471Z,couchdb_ns_1@cb.local:couch_query_logger<0.222.0>:couch_log:info:30]Query-Volume
---
[couchdb:info,2022-09-08T12:46:41.472Z,couchdb_ns_1@cb.local:couch_query_logger<0.222.0>:couch_log:info:30]Query-Volume
---
[couchdb:info,2022-09-08T12:47:41.474Z,couchdb_ns_1@cb.local:couch_query_logger<0.222.0>:couch_log:info:30]Query-Volume
---
[couchdb:info,2022-09-08T12:48:41.474Z,couchdb_ns_1@cb.local:couch_query_logger<0.222.0>:couch_log:info:30]Query-Volume
---
[couchdb:info,2022-09-08T12:49:41.475Z,couchdb_ns_1@cb.local:couch_query_logger<0.222.0>:couch_log:info:30]Query-Volume
---
[couchdb:info,2022-09-08T12:50:41.476Z,couchdb_ns_1@cb.local:couch_query_logger<0.222.0>:couch_log:info:30]Query-Volume
---
[couchdb:info,2022-09-08T12:51:41.477Z,couchdb_ns_1@cb.local:couch_query_logger<0.222.0>:couch_log:info:30]Query-Volume
---
[couchdb:info,2022-09-08T12:52:41.479Z,couchdb_ns_1@cb.local:couch_query_logger<0.222.0>:couch_log:info:30]Query-Volume
---
[couchdb:info,2022-09-08T12:53:41.479Z,couchdb_ns_1@cb.local:couch_query_logger<0.222.0>:couch_log:info:30]Query-Volume
---
[couchdb:info,2022-09-08T12:54:41.481Z,couchdb_ns_1@cb.local:couch_query_logger<0.222.0>:couch_log:info:30]Query-Volume
---
[couchdb:info,2022-09-08T12:55:41.481Z,couchdb_ns_1@cb.local:couch_query_logger<0.222.0>:couch_log:info:30]Query-Volume
---
[couchdb:info,2022-09-08T12:56:41.483Z,couchdb_ns_1@cb.local:couch_query_logger<0.222.0>:couch_log:info:30]Query-Volume
---
[couchdb:info,2022-09-08T12:57:41.483Z,couchdb_ns_1@cb.local:couch_query_logger<0.222.0>:couch_log:info:30]Query-Volume
---
[couchdb:info,2022-09-08T12:58:41.484Z,couchdb_ns_1@cb.local:couch_query_logger<0.222.0>:couch_log:info:30]Query-Volume
---
[couchdb:info,2022-09-08T12:59:41.486Z,couchdb_ns_1@cb.local:couch_query_logger<0.222.0>:couch_log:info:30]Query-Volume
---
[couchdb:info,2022-09-08T13:00:41.486Z,couchdb_ns_1@cb.local:couch_query_logger<0.222.0>:couch_log:info:30]Query-Volume
---
[couchdb:info,2022-09-08T13:01:41.487Z,couchdb_ns_1@cb.local:couch_query_logger<0.222.0>:couch_log:info:30]Query-Volume
---
[couchdb:info,2022-09-08T13:02:41.488Z,couchdb_ns_1@cb.local:couch_query_logger<0.222.0>:couch_log:info:30]Query-Volume
---
[couchdb:info,2022-09-08T13:03:41.489Z,couchdb_ns_1@cb.local:couch_query_logger<0.222.0>:couch_log:info:30]Query-Volume
---
[couchdb:info,2022-09-08T13:04:41.490Z,couchdb_ns_1@cb.local:couch_query_logger<0.222.0>:couch_log:info:30]Query-Volume
---
[couchdb:info,2022-09-08T13:05:41.491Z,couchdb_ns_1@cb.local:couch_query_logger<0.222.0>:couch_log:info:30]Query-Volume
---
[couchdb:info,2022-09-08T13:06:41.492Z,couchdb_ns_1@cb.local:couch_query_logger<0.222.0>:couch_log:info:30]Query-Volume
---
[couchdb:info,2022-09-08T13:07:41.493Z,couchdb_ns_1@cb.local:couch_query_logger<0.222.0>:couch_log:info:30]Query-Volume
---
[couchdb:info,2022-09-08T13:08:41.494Z,couchdb_ns_1@cb.local:couch_query_logger<0.222.0>:couch_log:info:30]Query-Volume
---
[couchdb:info,2022-09-08T13:09:41.495Z,couchdb_ns_1@cb.local:couch_query_logger<0.222.0>:couch_log:info:30]Query-Volume
---
[couchdb:info,2022-09-08T13:10:41.496Z,couchdb_ns_1@cb.local:couch_query_logger<0.222.0>:couch_log:info:30]Query-Volume
---
[couchdb:info,2022-09-08T13:11:41.497Z,couchdb_ns_1@cb.local:couch_query_logger<0.222.0>:couch_log:info:30]Query-Volume
---
[couchdb:info,2022-09-08T13:12:41.498Z,couchdb_ns_1@cb.local:couch_query_logger<0.222.0>:couch_log:info:30]Query-Volume
---
[couchdb:info,2022-09-08T13:13:41.499Z,couchdb_ns_1@cb.local:couch_query_logger<0.222.0>:couch_log:info:30]Query-Volume
---
[couchdb:info,2022-09-08T13:14:41.500Z,couchdb_ns_1@cb.local:couch_query_logger<0.222.0>:couch_log:info:30]Query-Volume
---
[couchdb:info,2022-09-08T13:15:41.501Z,couchdb_ns_1@cb.local:couch_query_logger<0.222.0>:couch_log:info:30]Query-Volume
---
[couchdb:info,2022-09-08T13:16:41.502Z,couchdb_ns_1@cb.local:couch_query_logger<0.222.0>:couch_log:info:30]Query-Volume
---
[couchdb:info,2022-09-08T13:17:41.503Z,couchdb_ns_1@cb.local:couch_query_logger<0.222.0>:couch_log:info:30]Query-Volume
---
[couchdb:info,2022-09-08T13:18:41.504Z,couchdb_ns_1@cb.local:couch_query_logger<0.222.0>:couch_log:info:30]Query-Volume
---
[couchdb:info,2022-09-08T13:19:41.505Z,couchdb_ns_1@cb.local:couch_query_logger<0.222.0>:couch_log:info:30]Query-Volume
---
[couchdb:info,2022-09-08T13:20:41.506Z,couchdb_ns_1@cb.local:couch_query_logger<0.222.0>:couch_log:info:30]Query-Volume
---
[couchdb:info,2022-09-08T13:21:41.507Z,couchdb_ns_1@cb.local:couch_query_logger<0.222.0>:couch_log:info:30]Query-Volume
---
[couchdb:info,2022-09-08T13:22:41.508Z,couchdb_ns_1@cb.local:couch_query_logger<0.222.0>:couch_log:info:30]Query-Volume
---
[couchdb:info,2022-09-08T13:23:41.509Z,couchdb_ns_1@cb.local:couch_query_logger<0.222.0>:couch_log:info:30]Query-Volume
---
[couchdb:info,2022-09-08T13:24:41.510Z,couchdb_ns_1@cb.local:couch_query_logger<0.222.0>:couch_log:info:30]Query-Volume
---
[couchdb:info,2022-09-08T13:25:41.511Z,couchdb_ns_1@cb.local:couch_query_logger<0.222.0>:couch_log:info:30]Query-Volume
---
[couchdb:info,2022-09-08T13:26:41.512Z,couchdb_ns_1@cb.local:couch_query_logger<0.222.0>:couch_log:info:30]Query-Volume
---
[couchdb:info,2022-09-08T13:27:41.513Z,couchdb_ns_1@cb.local:couch_query_logger<0.222.0>:couch_log:info:30]Query-Volume
---
[couchdb:info,2022-09-08T13:28:41.514Z,couchdb_ns_1@cb.local:couch_query_logger<0.222.0>:couch_log:info:30]Query-Volume
---
[couchdb:info,2022-09-08T13:29:41.515Z,couchdb_ns_1@cb.local:couch_query_logger<0.222.0>:couch_log:info:30]Query-Volume
---
[couchdb:info,2022-09-08T13:30:41.516Z,couchdb_ns_1@cb.local:couch_query_logger<0.222.0>:couch_log:info:30]Query-Volume
---
[couchdb:info,2022-09-08T13:31:41.517Z,couchdb_ns_1@cb.local:couch_query_logger<0.222.0>:couch_log:info:30]Query-Volume
---
[couchdb:info,2022-09-08T13:32:41.518Z,couchdb_ns_1@cb.local:couch_query_logger<0.222.0>:couch_log:info:30]Query-Volume
---
[couchdb:info,2022-09-08T13:33:41.519Z,couchdb_ns_1@cb.local:couch_query_logger<0.222.0>:couch_log:info:30]Query-Volume
---
[couchdb:info,2022-09-08T13:34:41.520Z,couchdb_ns_1@cb.local:couch_query_logger<0.222.0>:couch_log:info:30]Query-Volume
---
[couchdb:info,2022-09-08T13:35:41.521Z,couchdb_ns_1@cb.local:couch_query_logger<0.222.0>:couch_log:info:30]Query-Volume
---
[couchdb:info,2022-09-08T13:36:41.522Z,couchdb_ns_1@cb.local:couch_query_logger<0.222.0>:couch_log:info:30]Query-Volume
---
[couchdb:info,2022-09-08T13:37:41.523Z,couchdb_ns_1@cb.local:couch_query_logger<0.222.0>:couch_log:info:30]Query-Volume
---
[couchdb:info,2022-09-08T13:38:41.524Z,couchdb_ns_1@cb.local:couch_query_logger<0.222.0>:couch_log:info:30]Query-Volume
---
[couchdb:info,2022-09-08T13:46:39.388Z,couchdb_ns_1@cb.local:couch_query_logger<0.222.0>:couch_log:info:30]Query-Volume
---
[couchdb:info,2022-09-08T13:47:39.389Z,couchdb_ns_1@cb.local:couch_query_logger<0.222.0>:couch_log:info:30]Query-Volume
---
[couchdb:info,2022-09-08T13:48:39.390Z,couchdb_ns_1@cb.local:couch_query_logger<0.222.0>:couch_log:info:30]Query-Volume
---
[couchdb:info,2022-09-08T13:49:39.391Z,couchdb_ns_1@cb.local:couch_query_logger<0.222.0>:couch_log:info:30]Query-Volume
---
[couchdb:info,2022-09-08T13:50:39.392Z,couchdb_ns_1@cb.local:couch_query_logger<0.222.0>:couch_log:info:30]Query-Volume
---
[couchdb:info,2022-09-08T13:51:39.393Z,couchdb_ns_1@cb.local:couch_query_logger<0.222.0>:couch_log:info:30]Query-Volume
---
[couchdb:info,2022-09-08T13:52:39.394Z,couchdb_ns_1@cb.local:couch_query_logger<0.222.0>:couch_log:info:30]Query-Volume
---
[couchdb:info,2022-09-08T13:53:39.395Z,couchdb_ns_1@cb.local:couch_query_logger<0.222.0>:couch_log:info:30]Query-Volume
---
[couchdb:info,2022-09-08T13:54:39.396Z,couchdb_ns_1@cb.local:couch_query_logger<0.222.0>:couch_log:info:30]Query-Volume
---
[couchdb:info,2022-09-08T13:55:39.397Z,couchdb_ns_1@cb.local:couch_query_logger<0.222.0>:couch_log:info:30]Query-Volume
---
[couchdb:info,2022-09-08T13:56:39.398Z,couchdb_ns_1@cb.local:couch_query_logger<0.222.0>:couch_log:info:30]Query-Volume
---
[couchdb:info,2022-09-08T13:57:39.399Z,couchdb_ns_1@cb.local:couch_query_logger<0.222.0>:couch_log:info:30]Query-Volume
---
[couchdb:info,2022-09-08T13:58:39.400Z,couchdb_ns_1@cb.local:couch_query_logger<0.222.0>:couch_log:info:30]Query-Volume
---
[couchdb:info,2022-09-08T13:59:39.401Z,couchdb_ns_1@cb.local:couch_query_logger<0.222.0>:couch_log:info:30]Query-Volume
---
[couchdb:info,2022-09-08T14:00:39.402Z,couchdb_ns_1@cb.local:couch_query_logger<0.222.0>:couch_log:info:30]Query-Volume
---
[couchdb:info,2022-09-08T14:01:39.403Z,couchdb_ns_1@cb.local:couch_query_logger<0.222.0>:couch_log:info:30]Query-Volume
---
[couchdb:info,2022-09-08T14:02:39.404Z,couchdb_ns_1@cb.local:couch_query_logger<0.222.0>:couch_log:info:30]Query-Volume
---
[couchdb:info,2022-09-08T14:03:39.405Z,couchdb_ns_1@cb.local:couch_query_logger<0.222.0>:couch_log:info:30]Query-Volume
---
[couchdb:info,2022-09-08T14:04:39.406Z,couchdb_ns_1@cb.local:couch_query_logger<0.222.0>:couch_log:info:30]Query-Volume
---
[couchdb:info,2022-09-08T14:05:39.407Z,couchdb_ns_1@cb.local:couch_query_logger<0.222.0>:couch_log:info:30]Query-Volume
---
