2022-09-07T14:32:09.673+00:00 [INFO] main: /opt/couchbase/bin/cbft started (v0.6.0/5.6.0)
2022-09-07T14:32:09.673+00:00 [INFO] main: file descriptor limit current: 1048576 max: 1048576
2022-09-07T14:32:09.673+00:00 [INFO]   -authType="cbauth"
2022-09-07T14:32:09.673+00:00 [INFO]   -bindGrpc="127.0.0.1:9130,0.0.0.0:9130"
2022-09-07T14:32:09.673+00:00 [INFO]   -bindGrpcSsl="127.0.0.1:19130,0.0.0.0:19130"
2022-09-07T14:32:09.673+00:00 [INFO]   -bindHttp="127.0.0.1:8094,0.0.0.0:8094"
2022-09-07T14:32:09.673+00:00 [INFO]   -bindHttps=":18094"
2022-09-07T14:32:09.673+00:00 [INFO]   -cfgConnect="metakv"
2022-09-07T14:32:09.673+00:00 [INFO]   -container=""
2022-09-07T14:32:09.673+00:00 [INFO]   -dataDir="/opt/couchbase/var/lib/couchbase/data/@fts"
2022-09-07T14:32:09.673+00:00 [INFO]   -extras="127.0.0.1:8091"
2022-09-07T14:32:09.673+00:00 [INFO]   -help="false"
2022-09-07T14:32:09.673+00:00 [INFO]   -options="startCheckServer=skip,slowQueryLogTimeout=5s,defaultMaxPartitionsPerPIndex=1024,bleveMaxResultWindow=10000,failoverAssignAllPrimaries=false,hideUI=true,cbaudit=true,ftsMemoryQuota=262144000,maxReplicasAllowed=3,bucketTypesAllowed=membase:ephemeral,http2=true,vbuckets=1024,ipv4=required,ipv6=optional"
2022-09-07T14:32:09.673+00:00 [INFO]   -register="wanted"
2022-09-07T14:32:09.673+00:00 [INFO]   -server="http://127.0.0.1:8091"
2022-09-07T14:32:09.673+00:00 [INFO]   -serverSslPort="18091"
2022-09-07T14:32:09.674+00:00 [INFO]   -staticDir="static"
2022-09-07T14:32:09.674+00:00 [INFO]   -staticETag=""
2022-09-07T14:32:09.674+00:00 [INFO]   -tags="feed,janitor,pindex,queryer,cbauth_service"
2022-09-07T14:32:09.674+00:00 [INFO]   -tlsCAFile="/opt/couchbase/var/lib/couchbase/config/certs/ca.pem"
2022-09-07T14:32:09.674+00:00 [INFO]   -tlsCertFile="/opt/couchbase/var/lib/couchbase/config/certs/chain.pem"
2022-09-07T14:32:09.674+00:00 [INFO]   -tlsKeyFile="/opt/couchbase/var/lib/couchbase/config/certs/pkey.pem"
2022-09-07T14:32:09.674+00:00 [INFO]   -uuid="1678dfae96c38e07dff43c49b9f6967b"
2022-09-07T14:32:09.674+00:00 [INFO]   -version="false"
2022-09-07T14:32:09.674+00:00 [INFO]   -weight="1"
2022-09-07T14:32:09.674+00:00 [INFO]   GOMAXPROCS=8
2022-09-07T14:32:09.674+00:00 [INFO] main: registered bleve stores
2022-09-07T14:32:09.674+00:00 [INFO]   gtreap
2022-09-07T14:32:09.674+00:00 [INFO]   boltdb
2022-09-07T14:32:09.674+00:00 [INFO]   metrics
2022-09-07T14:32:09.674+00:00 [INFO]   goleveldb
2022-09-07T14:32:09.674+00:00 [INFO]   moss
2022-09-07T14:32:09.681+00:00 [INFO] main: curr dir: "/opt/couchbase/var/lib/couchbase"
2022-09-07T14:32:09.681+00:00 [INFO] main: data dir: "/opt/couchbase/var/lib/couchbase/data/@fts"
2022-09-07T14:32:09.687+00:00 [INFO] cbauth: key: cbgt/httpClient registered for tls config updates
2022-09-07T14:32:09.687+00:00 [INFO] cbauth: key: fts/remoteClients registered for tls config updates
2022-09-07T14:32:09.687+00:00 [INFO] cbauth: received security change notification, code: 7
2022-09-07T14:32:09.687+00:00 [INFO] app_herder: memQuota: 262144000, appQuota: 262144000, indexQuota: 196608000, queryQuota: 235929600
2022-09-07T14:32:09.687+00:00 [INFO] cbauth: key: fts/limits registered for tls config updates
2022-09-07T14:32:09.687+00:00 [INFO] main: custom jsoniter json implementation enabled
2022-09-07T14:32:09.689+00:00 [INFO] version: matching clusterCompatibility version: 458753 found
2022-09-07T14:32:09.690+00:00 [INFO] server_groups: debounce duration: 2000 MS
2022-09-07T14:32:09.691+00:00 [INFO] server_groups: pool streaming started
2022-09-07T14:32:09.695+00:00 [INFO] cbauth: notifying configs change for key: fts/limits
2022-09-07T14:32:09.695+00:00 [INFO] cbauth: notifying configs change for key: cbgt/httpClient
2022-09-07T14:32:09.695+00:00 [INFO] cbauth: notifying configs change for key: fts/remoteClients
2022-09-07T14:32:09.695+00:00 [INFO] audit: created new audit service
2022-09-07T14:32:09.695+00:00 [INFO] cbauth: key: fts/grpc,grpc-ssl registered for tls config updates
2022-09-07T14:32:09.695+00:00 [WARN] init_grpc: ipv6 listener not set up for 0.0.0.0:9130 -- main.startGrpcServer() at init_grpc.go:167
2022-09-07T14:32:09.696+00:00 [WARN] init_grpc: ipv6 listener not set up for 0.0.0.0:19130 -- main.startGrpcServer() at init_grpc.go:167
2022-09-07T14:32:09.696+00:00 [INFO] init_grpc: GrpcServer Started at "0.0.0.0:9130", proto: "tcp4"
2022-09-07T14:32:09.697+00:00 [INFO] init_grpc: GrpcServer Started at "0.0.0.0:19130", proto: "tcp4"
2022-09-07T14:32:09.699+00:00 [INFO] main: ctl starting, dryRun: false, waitForMemberNodes: 30, verbose: 3, maxConcurrentPartitionMovesPerNode: 1
2022-09-07T14:32:09.704+00:00 [INFO] ctl: cluster member nodes at startup: []
2022-09-07T14:32:09.704+00:00 [INFO] ctl: kickIndexDefs, kind: init
2022-09-07T14:32:09.705+00:00 [INFO] manager: container: 
2022-09-07T14:32:09.706+00:00 [INFO] planner: nodesRemove: []string(nil)
2022-09-07T14:32:09.706+00:00 [INFO] planner: step planner
2022-09-07T14:32:09.707+00:00 [INFO] cfg_metakv: Set, key: version, cas: 1, split: false, nodeUUID: 1678dfae96c38e07dff43c49b9f6967b
2022-09-07T14:32:09.708+00:00 [INFO] cfg_metakv: Set path: /fts/cbgt/cfg/version
2022-09-07T14:32:09.709+00:00 [INFO] version: CheckVersion, Cfg version updated 5.6.0
2022-09-07T14:32:09.709+00:00 [INFO] cfg_metakv: metaKVCallback, path: /fts/cbgt/cfg/version, key: version, deletion: false
2022-09-07T14:32:09.712+00:00 [INFO] manager: setting the nodeDefs implVersion to 5.6.0
2022-09-07T14:32:09.712+00:00 [INFO] cfg_metakv: Set, key: nodeDefs-known, cas: 3, split: true, nodeUUID: 1678dfae96c38e07dff43c49b9f6967b
2022-09-07T14:32:09.713+00:00 [INFO] cfg_metakv: Set split, key: nodeDefs-known, added: map[1678dfae96c38e07dff43c49b9f6967b:true], removed: map[], updated: map[]
2022-09-07T14:32:09.713+00:00 [INFO] cfg_metakv: Set split, key: nodeDefs-known, childPath: /fts/cbgt/cfg/nodeDefs-known/1678dfae96c38e07dff43c49b9f6967b
2022-09-07T14:32:09.716+00:00 [INFO] cfg_metakv: metaKVCallback, path: /fts/cbgt/cfg/nodeDefs-known/1678dfae96c38e07dff43c49b9f6967b, key: nodeDefs-known/1678dfae96c38e07dff43c49b9f6967b, deletion: false
2022-09-07T14:32:09.721+00:00 [INFO] manager: setting the nodeDefs implVersion to 5.6.0
2022-09-07T14:32:09.721+00:00 [INFO] cfg_metakv: Set, key: nodeDefs-wanted, cas: 6, split: true, nodeUUID: 1678dfae96c38e07dff43c49b9f6967b
2022-09-07T14:32:09.721+00:00 [INFO] cfg_metakv: Set split, key: nodeDefs-wanted, added: map[1678dfae96c38e07dff43c49b9f6967b:true], removed: map[], updated: map[]
2022-09-07T14:32:09.721+00:00 [INFO] cfg_metakv: Set split, key: nodeDefs-wanted, childPath: /fts/cbgt/cfg/nodeDefs-wanted/1678dfae96c38e07dff43c49b9f6967b
2022-09-07T14:32:09.729+00:00 [INFO] cfg_metakv: metaKVCallback, path: /fts/cbgt/cfg/nodeDefs-wanted/1678dfae96c38e07dff43c49b9f6967b, key: nodeDefs-wanted/1678dfae96c38e07dff43c49b9f6967b, deletion: false
2022-09-07T14:32:09.730+00:00 [INFO] manager: loading dataDir...
2022-09-07T14:32:09.734+00:00 [INFO] ctl: cfgEvent, kind: nodeDefs-wanted
2022-09-07T14:32:09.734+00:00 [INFO] ctl: kickIndexDefs, kind: cfgEvent
2022-09-07T14:32:09.734+00:00 [INFO] manager: loading dataDir... done
2022-09-07T14:32:09.734+00:00 [INFO] janitor: awakes, op: kick, msg: start
2022-09-07T14:32:09.737+00:00 [INFO] ctl: run, kind: nodeDefs-wanted, updated memberNodes: {1678dfae96c38e07dff43c49b9f6967b;}
2022-09-07T14:32:09.753+00:00 [INFO] cfg_metakv: metaKVCallback, path: /fts/cbgt/cfg/nodeDefs-wanted/1678dfae96c38e07dff43c49b9f6967b, key: nodeDefs-wanted/1678dfae96c38e07dff43c49b9f6967b, deletion: false
2022-09-07T14:32:09.764+00:00 [WARN] janitor: JanitorOnce, err: janitor: skipped on nil planPIndexes -- cbgt.(*Manager).JanitorLoop() at manager_janitor.go:93
2022-09-07T14:32:09.765+00:00 [INFO] ctl: cfgEvent, kind: nodeDefs-wanted
2022-09-07T14:32:09.765+00:00 [INFO] ctl: kickIndexDefs, kind: cfgEvent
2022-09-07T14:32:09.765+00:00 [INFO] cfg_metakv: metaKVCallback, path: /fts/cbgt/cfg/nodeDefs-known/1678dfae96c38e07dff43c49b9f6967b, key: nodeDefs-known/1678dfae96c38e07dff43c49b9f6967b, deletion: false
2022-09-07T14:32:09.770+00:00 [INFO] cfg_metakv: metaKVCallback, path: /fts/cbgt/cfg/version, key: version, deletion: false
2022-09-07T14:32:09.770+00:00 [INFO] ctl: run, kind: nodeDefs-wanted, updated memberNodes: {1678dfae96c38e07dff43c49b9f6967b;}
2022-09-07T14:32:09.777+00:00 [INFO] cbauth: key: fts/http,https registered for tls config updates
2022-09-07T14:32:09.777+00:00 [INFO] main: ------------------------------------------------------
2022-09-07T14:32:09.777+00:00 [INFO] init_http: web UI / REST API is available: http://0.0.0.0:8094
2022-09-07T14:32:09.777+00:00 [INFO] main: ------------------------------------------------------
2022-09-07T14:32:09.777+00:00 [WARN] init_http: ipv6 listener not set up for 0.0.0.0:8094 -- main.mainServeHTTP() at init_http.go:272
2022-09-07T14:32:09.777+00:00 [INFO] main: ------------------------------------------------------
2022-09-07T14:32:09.777+00:00 [INFO] init_http: web UI / REST API is available: https://:18094
2022-09-07T14:32:09.777+00:00 [INFO] main: ------------------------------------------------------
2022-09-07T14:32:09.777+00:00 [INFO] main: cbauth_service registering...
2022-09-07T14:32:09.778+00:00 [INFO] init_http: Setting up a https limit listener at ":18094", proto: "tcp6"
2022-09-07T14:32:09.778+00:00 [INFO] init_http: Setting up a https limit listener at ":18094", proto: "tcp4"
2022-09-07T14:32:09.778+00:00 [INFO] init_http: Setting up a http limit listener at "0.0.0.0:8094", proto: "tcp4"
2022-09-07T14:32:09.780+00:00 [INFO] ctl/manager: GetTaskList, haveTasksRev: , changed, rv: &{Rev:[48] Tasks:[]}
2022-09-07T14:32:09.784+00:00 [INFO] ctl/manager: GetCurrentTopology, haveTopologyRev: , changed, rv: &{Rev:[53] Nodes:[1678dfae96c38e07dff43c49b9f6967b] IsBalanced:true Messages:[]}
2022-09-07T14:32:11.695+00:00 [INFO] cfg_metakv: Set, key: nodeDefs-known, cas: ffffffffffffffff, split: true, nodeUUID: 1678dfae96c38e07dff43c49b9f6967b
2022-09-07T14:32:11.695+00:00 [INFO] cfg_metakv: Set split, key: nodeDefs-known, added: map[], removed: map[], updated: map[1678dfae96c38e07dff43c49b9f6967b:true]
2022-09-07T14:32:11.695+00:00 [INFO] cfg_metakv: Set split, key: nodeDefs-known, childPath: /fts/cbgt/cfg/nodeDefs-known/1678dfae96c38e07dff43c49b9f6967b
2022-09-07T14:32:11.700+00:00 [INFO] cfg_metakv: metaKVCallback, path: /fts/cbgt/cfg/nodeDefs-known/1678dfae96c38e07dff43c49b9f6967b, key: nodeDefs-known/1678dfae96c38e07dff43c49b9f6967b, deletion: false
2022-09-07T14:32:11.700+00:00 [INFO] server_groups: nodeDefs updated for kind: known
2022-09-07T14:32:11.702+00:00 [INFO] cfg_metakv: Set, key: nodeDefs-wanted, cas: ffffffffffffffff, split: true, nodeUUID: 1678dfae96c38e07dff43c49b9f6967b
2022-09-07T14:32:11.702+00:00 [INFO] cfg_metakv: Set split, key: nodeDefs-wanted, added: map[], removed: map[], updated: map[1678dfae96c38e07dff43c49b9f6967b:true]
2022-09-07T14:32:11.702+00:00 [INFO] cfg_metakv: Set split, key: nodeDefs-wanted, childPath: /fts/cbgt/cfg/nodeDefs-wanted/1678dfae96c38e07dff43c49b9f6967b
2022-09-07T14:32:11.703+00:00 [INFO] server_groups: nodeDefs updated for kind: wanted
2022-09-07T14:32:11.703+00:00 [INFO] server_groups: node: 1678dfae96c38e07dff43c49b9f6967b has moved from server group:  to group: datacenter/Group 1
2022-09-07T14:32:11.703+00:00 [INFO] cfg_metakv: metaKVCallback, path: /fts/cbgt/cfg/nodeDefs-wanted/1678dfae96c38e07dff43c49b9f6967b, key: nodeDefs-wanted/1678dfae96c38e07dff43c49b9f6967b, deletion: false
2022-09-07T14:32:11.704+00:00 [INFO] manager: refreshed container: datacenter/Group 1
2022-09-07T14:32:11.704+00:00 [INFO] janitor: awakes, op: kick, msg: cfg changed, key: nodeDefs-wanted
2022-09-07T14:32:11.704+00:00 [INFO] ctl: cfgEvent, kind: nodeDefs-wanted
2022-09-07T14:32:11.704+00:00 [INFO] ctl: kickIndexDefs, kind: cfgEvent
2022-09-07T14:32:11.708+00:00 [WARN] janitor: JanitorOnce, err: janitor: skipped on nil planPIndexes -- cbgt.(*Manager).JanitorLoop() at manager_janitor.go:93
2022-09-07T14:32:11.709+00:00 [INFO] ctl: run, kind: nodeDefs-wanted, updated memberNodes: {1678dfae96c38e07dff43c49b9f6967b;}
2022-09-07T14:32:19.159+00:00 [INFO] ctl/manager: GetNodeInfo
2022-09-07T14:32:19.160+00:00 [INFO] ctl/manager: PrepareTopologyChange, change: {e14cb017412f4ff159d26db5a5abf439 [] topology-change-rebalance [{{1678dfae96c38e07dff43c49b9f6967b 0 <nil>} recovery-full}] []}
2022-09-07T14:32:19.161+00:00 [INFO] ctl/manager: PrepareTopologyChange, done
2022-09-07T14:32:19.161+00:00 [INFO] ctl/manager: GetTaskList, haveTasksRev: 0, changed, rv: &{Rev:[50] Tasks:[{Rev:[49] ID:prepare:e14cb017412f4ff159d26db5a5abf439 Type:task-prepared Status:task-running IsCancelable:true Progress:100 DetailedProgress:map[] Description:prepare topology change ErrorMessage: Extra:map[topologyChange:{ID:e14cb017412f4ff159d26db5a5abf439 CurrentTopologyRev:[] Type:topology-change-rebalance KeepNodes:[{NodeInfo:{NodeID:1678dfae96c38e07dff43c49b9f6967b Priority:0 Opaque:<nil>} RecoveryType:recovery-full}] EjectNodes:[]}]}]}
2022-09-07T14:32:19.162+00:00 [INFO] ctl/manager: StartTopologyChange, change: {e14cb017412f4ff159d26db5a5abf439 [] topology-change-rebalance [{{1678dfae96c38e07dff43c49b9f6967b 0 <nil>} recovery-full}] []}
2022-09-07T14:32:19.164+00:00 [INFO] ctl: waitForWantedNodes, wantedNodes: [1678dfae96c38e07dff43c49b9f6967b]
2022-09-07T14:32:19.165+00:00 [INFO] ctl: getMovingPartitionsCount, keepNodeUUIDs: [1678dfae96c38e07dff43c49b9f6967b], nodesToRemove: [], numNewNodes: 0, existingNodes: [1678dfae96c38e07dff43c49b9f6967b], totalPartitions: 0
2022-09-07T14:32:19.165+00:00 [INFO] ctl: getMovingPartitionsCount: 0
2022-09-07T14:32:19.165+00:00 [INFO] ctl/manager: StartTopologyChange, started
2022-09-07T14:32:19.165+00:00 [INFO] ctl/manager: GetTaskList, haveTasksRev: 2, changed, rv: &{Rev:[52] Tasks:[{Rev:[51] ID:rebalance:e14cb017412f4ff159d26db5a5abf439 Type:task-rebalance Status:task-running IsCancelable:true Progress:0 DetailedProgress:map[] Description:topology change ErrorMessage: Extra:map[topologyChange:{ID:e14cb017412f4ff159d26db5a5abf439 CurrentTopologyRev:[] Type:topology-change-rebalance KeepNodes:[{NodeInfo:{NodeID:1678dfae96c38e07dff43c49b9f6967b Priority:0 Opaque:<nil>} RecoveryType:recovery-full}] EjectNodes:[]}]}]}
2022-09-07T14:32:19.168+00:00 [INFO] ctl: waitForWantedNodes, wantedNodes: [1678dfae96c38e07dff43c49b9f6967b]
2022-09-07T14:32:19.169+00:00 [INFO] ctl: waitForWantedNodes, nodesToRemove: []
2022-09-07T14:32:19.170+00:00 [INFO] planner: nodesRemove: []string{}
2022-09-07T14:32:19.170+00:00 [INFO] planner: step unregister
2022-09-07T14:32:19.171+00:00 [INFO] planner: step planner
2022-09-07T14:32:19.182+00:00 [INFO] ctl/manager: GetTaskList, haveTasksRev: 4, changed, rv: &{Rev:[53] Tasks:[]}
2022-09-08T12:07:43.575+00:00 [INFO] main: /opt/couchbase/bin/cbft started (v0.6.0/5.6.0)
2022-09-08T12:07:43.575+00:00 [INFO] main: file descriptor limit current: 1048576 max: 1048576
2022-09-08T12:07:43.576+00:00 [INFO]   -authType="cbauth"
2022-09-08T12:07:43.576+00:00 [INFO]   -bindGrpc="127.0.0.1:9130,0.0.0.0:9130"
2022-09-08T12:07:43.576+00:00 [INFO]   -bindGrpcSsl="127.0.0.1:19130,0.0.0.0:19130"
2022-09-08T12:07:43.576+00:00 [INFO]   -bindHttp="127.0.0.1:8094,0.0.0.0:8094"
2022-09-08T12:07:43.576+00:00 [INFO]   -bindHttps=":18094"
2022-09-08T12:07:43.576+00:00 [INFO]   -cfgConnect="metakv"
2022-09-08T12:07:43.576+00:00 [INFO]   -container=""
2022-09-08T12:07:43.576+00:00 [INFO]   -dataDir="/opt/couchbase/var/lib/couchbase/data/@fts"
2022-09-08T12:07:43.576+00:00 [INFO]   -extras="127.0.0.1:8091"
2022-09-08T12:07:43.576+00:00 [INFO]   -help="false"
2022-09-08T12:07:43.576+00:00 [INFO]   -options="startCheckServer=skip,slowQueryLogTimeout=5s,defaultMaxPartitionsPerPIndex=1024,bleveMaxResultWindow=10000,failoverAssignAllPrimaries=false,hideUI=true,cbaudit=true,ftsMemoryQuota=262144000,maxReplicasAllowed=3,bucketTypesAllowed=membase:ephemeral,http2=true,vbuckets=1024,ipv4=required,ipv6=optional"
2022-09-08T12:07:43.576+00:00 [INFO]   -register="wanted"
2022-09-08T12:07:43.576+00:00 [INFO]   -server="http://127.0.0.1:8091"
2022-09-08T12:07:43.576+00:00 [INFO]   -serverSslPort="18091"
2022-09-08T12:07:43.576+00:00 [INFO]   -staticDir="static"
2022-09-08T12:07:43.576+00:00 [INFO]   -staticETag=""
2022-09-08T12:07:43.576+00:00 [INFO]   -tags="feed,janitor,pindex,queryer,cbauth_service"
2022-09-08T12:07:43.576+00:00 [INFO]   -tlsCAFile="/opt/couchbase/var/lib/couchbase/config/certs/ca.pem"
2022-09-08T12:07:43.576+00:00 [INFO]   -tlsCertFile="/opt/couchbase/var/lib/couchbase/config/certs/chain.pem"
2022-09-08T12:07:43.576+00:00 [INFO]   -tlsKeyFile="/opt/couchbase/var/lib/couchbase/config/certs/pkey.pem"
2022-09-08T12:07:43.576+00:00 [INFO]   -uuid="1678dfae96c38e07dff43c49b9f6967b"
2022-09-08T12:07:43.576+00:00 [INFO]   -version="false"
2022-09-08T12:07:43.576+00:00 [INFO]   -weight="1"
2022-09-08T12:07:43.576+00:00 [INFO]   GOMAXPROCS=8
2022-09-08T12:07:43.576+00:00 [INFO] main: registered bleve stores
2022-09-08T12:07:43.576+00:00 [INFO]   gtreap
2022-09-08T12:07:43.576+00:00 [INFO]   boltdb
2022-09-08T12:07:43.576+00:00 [INFO]   metrics
2022-09-08T12:07:43.576+00:00 [INFO]   goleveldb
2022-09-08T12:07:43.576+00:00 [INFO]   moss
2022-09-08T12:07:43.578+00:00 [INFO] main: curr dir: "/opt/couchbase/var/lib/couchbase"
2022-09-08T12:07:43.578+00:00 [INFO] main: data dir: "/opt/couchbase/var/lib/couchbase/data/@fts"
2022-09-08T12:07:43.586+00:00 [INFO] cfg_metakv: metaKVCallback, path: /fts/cbgt/cfg/nodeDefs-known/1678dfae96c38e07dff43c49b9f6967b, key: nodeDefs-known/1678dfae96c38e07dff43c49b9f6967b, deletion: false
2022-09-08T12:07:43.586+00:00 [INFO] cfg_metakv: metaKVCallback, path: /fts/cbgt/cfg/nodeDefs-wanted/1678dfae96c38e07dff43c49b9f6967b, key: nodeDefs-wanted/1678dfae96c38e07dff43c49b9f6967b, deletion: false
2022-09-08T12:07:43.586+00:00 [INFO] cfg_metakv: metaKVCallback, path: /fts/cbgt/cfg/version, key: version, deletion: false
2022-09-08T12:07:43.586+00:00 [INFO] cfg_metakv: metaKVCallback, path: /fts/cbgt/cfg/nodeDefs-known/1678dfae96c38e07dff43c49b9f6967b, key: nodeDefs-known/1678dfae96c38e07dff43c49b9f6967b, deletion: false
2022-09-08T12:07:43.586+00:00 [INFO] cfg_metakv: metaKVCallback, path: /fts/cbgt/cfg/nodeDefs-wanted/1678dfae96c38e07dff43c49b9f6967b, key: nodeDefs-wanted/1678dfae96c38e07dff43c49b9f6967b, deletion: false
2022-09-08T12:07:43.586+00:00 [INFO] cfg_metakv: metaKVCallback, path: /fts/cbgt/cfg/version, key: version, deletion: false
2022-09-08T12:07:43.586+00:00 [INFO] cbauth: key: cbgt/httpClient registered for tls config updates
2022-09-08T12:07:43.586+00:00 [INFO] cbauth: key: fts/remoteClients registered for tls config updates
2022-09-08T12:07:43.586+00:00 [INFO] app_herder: memQuota: 262144000, appQuota: 262144000, indexQuota: 196608000, queryQuota: 235929600
2022-09-08T12:07:43.586+00:00 [INFO] cbauth: key: fts/limits registered for tls config updates
2022-09-08T12:07:43.587+00:00 [INFO] main: custom jsoniter json implementation enabled
2022-09-08T12:07:43.586+00:00 [INFO] cbauth: received security change notification, code: 7
2022-09-08T12:07:43.589+00:00 [INFO] manager: refreshed container: datacenter/Group 1
2022-09-08T12:07:43.589+00:00 [INFO] server_groups: debounce duration: 2000 MS
2022-09-08T12:07:43.590+00:00 [INFO] server_groups: pool streaming started
2022-09-08T12:07:43.599+00:00 [INFO] cbauth: notifying configs change for key: fts/limits
2022-09-08T12:07:43.599+00:00 [INFO] cbauth: notifying configs change for key: cbgt/httpClient
2022-09-08T12:07:43.599+00:00 [INFO] cbauth: notifying configs change for key: fts/remoteClients
2022-09-08T12:07:44.552+00:00 [INFO] version: matching clusterCompatibility version: 458753 found
2022-09-08T12:07:44.662+00:00 [INFO] audit: created new audit service
2022-09-08T12:07:44.662+00:00 [INFO] cbauth: key: fts/grpc,grpc-ssl registered for tls config updates
2022-09-08T12:07:44.663+00:00 [WARN] init_grpc: ipv6 listener not set up for 0.0.0.0:9130 -- main.startGrpcServer() at init_grpc.go:167
2022-09-08T12:07:44.663+00:00 [WARN] init_grpc: ipv6 listener not set up for 0.0.0.0:19130 -- main.startGrpcServer() at init_grpc.go:167
2022-09-08T12:07:44.663+00:00 [INFO] init_grpc: GrpcServer Started at "0.0.0.0:9130", proto: "tcp4"
2022-09-08T12:07:44.663+00:00 [INFO] init_grpc: GrpcServer Started at "0.0.0.0:19130", proto: "tcp4"
2022-09-08T12:07:44.670+00:00 [INFO] main: ctl starting, dryRun: false, waitForMemberNodes: 30, verbose: 3, maxConcurrentPartitionMovesPerNode: 1
2022-09-08T12:07:44.706+00:00 [INFO] ctl: cluster member nodes at startup: [1678dfae96c38e07dff43c49b9f6967b]
2022-09-08T12:07:44.706+00:00 [INFO] ctl: kickIndexDefs, kind: init
2022-09-08T12:07:44.714+00:00 [INFO] manager: container: datacenter/Group 1
2022-09-08T12:07:44.730+00:00 [INFO] manager: loading dataDir...
2022-09-08T12:07:44.734+00:00 [INFO] planner: nodesRemove: []string(nil)
2022-09-08T12:07:44.734+00:00 [INFO] planner: step planner
2022-09-08T12:07:44.736+00:00 [INFO] janitor: awakes, op: kick, msg: start
2022-09-08T12:07:44.736+00:00 [INFO] manager: loading dataDir... done
2022-09-08T12:07:44.747+00:00 [INFO] cfg_metakv: metaKVCallback, path: /fts/cbgt/cfg/nodeDefs-known/1678dfae96c38e07dff43c49b9f6967b, key: nodeDefs-known/1678dfae96c38e07dff43c49b9f6967b, deletion: false
2022-09-08T12:07:44.753+00:00 [WARN] janitor: JanitorOnce, err: janitor: skipped on nil planPIndexes -- cbgt.(*Manager).JanitorLoop() at manager_janitor.go:93
2022-09-08T12:07:44.758+00:00 [INFO] cfg_metakv: metaKVCallback, path: /fts/cbgt/cfg/nodeDefs-wanted/1678dfae96c38e07dff43c49b9f6967b, key: nodeDefs-wanted/1678dfae96c38e07dff43c49b9f6967b, deletion: false
2022-09-08T12:07:44.759+00:00 [INFO] ctl: cfgEvent, kind: nodeDefs-wanted
2022-09-08T12:07:44.759+00:00 [INFO] ctl: kickIndexDefs, kind: cfgEvent
2022-09-08T12:07:44.759+00:00 [INFO] cfg_metakv: metaKVCallback, path: /fts/cbgt/cfg/version, key: version, deletion: false
2022-09-08T12:07:44.759+00:00 [INFO] janitor: awakes, op: kick, msg: cfg changed, key: nodeDefs-wanted
2022-09-08T12:07:44.852+00:00 [INFO] cbauth: key: fts/http,https registered for tls config updates
2022-09-08T12:07:44.852+00:00 [INFO] main: ------------------------------------------------------
2022-09-08T12:07:44.852+00:00 [INFO] init_http: web UI / REST API is available: http://0.0.0.0:8094
2022-09-08T12:07:44.852+00:00 [INFO] main: ------------------------------------------------------
2022-09-08T12:07:44.852+00:00 [WARN] init_http: ipv6 listener not set up for 0.0.0.0:8094 -- main.mainServeHTTP() at init_http.go:272
2022-09-08T12:07:44.852+00:00 [INFO] main: ------------------------------------------------------
2022-09-08T12:07:44.852+00:00 [INFO] init_http: web UI / REST API is available: https://:18094
2022-09-08T12:07:44.852+00:00 [INFO] main: ------------------------------------------------------
2022-09-08T12:07:44.853+00:00 [INFO] main: cbauth_service registering...
2022-09-08T12:07:44.853+00:00 [INFO] init_http: Setting up a http limit listener at "0.0.0.0:8094", proto: "tcp4"
2022-09-08T12:07:44.853+00:00 [INFO] init_http: Setting up a https limit listener at ":18094", proto: "tcp6"
2022-09-08T12:07:44.853+00:00 [INFO] init_http: Setting up a https limit listener at ":18094", proto: "tcp4"
2022-09-08T12:07:44.855+00:00 [INFO] ctl/manager: GetTaskList, haveTasksRev: , changed, rv: &{Rev:[48] Tasks:[]}
2022-09-08T12:07:44.857+00:00 [INFO] ctl/manager: GetCurrentTopology, haveTopologyRev: , changed, rv: &{Rev:[50] Nodes:[1678dfae96c38e07dff43c49b9f6967b] IsBalanced:true Messages:[]}
2022-09-08T12:07:44.860+00:00 [WARN] janitor: JanitorOnce, err: janitor: skipped on nil planPIndexes -- cbgt.(*Manager).JanitorLoop() at manager_janitor.go:93
2022-09-08T12:07:44.866+00:00 [INFO] ctl: run, kind: nodeDefs-wanted, updated memberNodes: {1678dfae96c38e07dff43c49b9f6967b;}
2022-09-08T13:46:59.564+00:00 [INFO] revrpc: Got error (EOF) and will retry in 1s
