level=info ts=2022-09-07T14:28:17.134Z caller=main.go:363 msg="Starting Prometheus" version="(version=2.23.0, branch=HEAD, revision=2ba8aea3a8180aeaeafb662fe7f6651307d02925)"
level=info ts=2022-09-07T14:28:17.135Z caller=main.go:368 build_context="(go=go1.16.5, user=couchbase@96c0172babda, date=20211210-01:03:24)"
level=info ts=2022-09-07T14:28:17.135Z caller=main.go:369 host_details="(Linux 5.10.16.3-microsoft-standard-WSL2 #1 SMP Fri Apr 2 22:23:49 UTC 2021 x86_64 7f93839fbc4c localdomain)"
level=info ts=2022-09-07T14:28:17.135Z caller=main.go:370 fd_limits="(soft=1048576, hard=1048576)"
level=info ts=2022-09-07T14:28:17.135Z caller=main.go:371 vm_limits="(soft=unlimited, hard=unlimited)"
level=info ts=2022-09-07T14:28:17.147Z caller=web.go:502 component=web msg="Loading Basic Auth file" filename=/opt/couchbase/var/lib/couchbase/config/prometheus_auth
level=info ts=2022-09-07T14:28:17.150Z caller=web.go:519 component=web msg="Completed loading Basic Auth file" filename=/opt/couchbase/var/lib/couchbase/config/prometheus_auth
level=info ts=2022-09-07T14:28:17.154Z caller=main.go:725 msg="Starting TSDB ..."
level=info ts=2022-09-07T14:28:17.154Z caller=web.go:636 component=web msg="Start listening for connections" address=127.0.0.1:9123
level=info ts=2022-09-07T14:28:17.206Z caller=head.go:645 component=tsdb msg="Replaying on-disk memory mappable chunks if any"
level=info ts=2022-09-07T14:28:17.206Z caller=head.go:659 component=tsdb msg="On-disk memory mappable chunks replay completed" duration=83.105µs
level=info ts=2022-09-07T14:28:17.206Z caller=head.go:665 component=tsdb msg="Replaying WAL, this may take a while"
level=info ts=2022-09-07T14:28:17.215Z caller=head.go:717 component=tsdb msg="WAL segment loaded" segment=0 maxSegment=0
level=info ts=2022-09-07T14:28:17.215Z caller=head.go:722 component=tsdb msg="WAL replay completed" checkpoint_replay_duration=3.076656ms wal_replay_duration=5.46306ms total_replay_duration=8.660506ms
level=info ts=2022-09-07T14:28:17.220Z caller=main.go:745 fs_type=1021997
level=info ts=2022-09-07T14:28:17.220Z caller=main.go:748 msg="TSDB started"
level=debug ts=2022-09-07T14:28:17.221Z caller=main.go:749 msg="TSDB options" MinBlockDuration=2h MaxBlockDuration=1d1h MaxBytes=1GiB NoLockfile=true RetentionDuration=1y WALSegmentSize=0B AllowOverlappingBlocks=false WALCompression=true
level=info ts=2022-09-07T14:28:17.221Z caller=main.go:874 msg="Loading configuration file" filename=/opt/couchbase/var/lib/couchbase/config/prometheus.yml
level=info ts=2022-09-07T14:28:17.228Z caller=web.go:502 component=web msg="Loading Basic Auth file" filename=/opt/couchbase/var/lib/couchbase/config/prometheus_auth
level=info ts=2022-09-07T14:28:17.231Z caller=web.go:519 component=web msg="Completed loading Basic Auth file" filename=/opt/couchbase/var/lib/couchbase/config/prometheus_auth
level=debug ts=2022-09-07T14:28:17.232Z caller=manager.go:195 component="discovery manager scrape" msg="Starting provider" provider=static/0 subs=[ns_server_high_cardinality]
level=debug ts=2022-09-07T14:28:17.232Z caller=manager.go:195 component="discovery manager scrape" msg="Starting provider" provider=static/1 subs=[kv_high_cardinality]
level=debug ts=2022-09-07T14:28:17.232Z caller=manager.go:195 component="discovery manager scrape" msg="Starting provider" provider=static/2 subs=[general]
level=debug ts=2022-09-07T14:28:17.233Z caller=manager.go:213 component="discovery manager scrape" msg="Discoverer channel closed" provider=static/0
level=debug ts=2022-09-07T14:28:17.233Z caller=manager.go:213 component="discovery manager scrape" msg="Discoverer channel closed" provider=static/1
level=debug ts=2022-09-07T14:28:17.233Z caller=manager.go:213 component="discovery manager scrape" msg="Discoverer channel closed" provider=static/2
level=info ts=2022-09-07T14:28:17.245Z caller=main.go:905 msg="Completed loading of configuration file" filename=/opt/couchbase/var/lib/couchbase/config/prometheus.yml totalDuration=23.69224ms remote_storage=3.453µs web_handler=2.789796ms query_engine=2.132µs scrape=1.369474ms scrape_sd=393.632µs notify=1.777µs notify_sd=4.697µs rules=12.317111ms
level=info ts=2022-09-07T14:28:17.245Z caller=main.go:697 msg="Server is ready to receive web requests."
level=info ts=2022-09-07T14:32:09.077Z caller=main.go:874 msg="Loading configuration file" filename=/opt/couchbase/var/lib/couchbase/config/prometheus.yml
level=info ts=2022-09-07T14:32:09.080Z caller=web.go:502 component=web msg="Loading Basic Auth file" filename=/opt/couchbase/var/lib/couchbase/config/prometheus_auth
level=info ts=2022-09-07T14:32:09.082Z caller=web.go:519 component=web msg="Completed loading Basic Auth file" filename=/opt/couchbase/var/lib/couchbase/config/prometheus_auth
level=debug ts=2022-09-07T14:32:09.084Z caller=manager.go:195 component="discovery manager scrape" msg="Starting provider" provider=static/0 subs=[general]
level=debug ts=2022-09-07T14:32:09.085Z caller=manager.go:195 component="discovery manager scrape" msg="Starting provider" provider=static/1 subs=[ns_server_high_cardinality]
level=debug ts=2022-09-07T14:32:09.085Z caller=manager.go:195 component="discovery manager scrape" msg="Starting provider" provider=static/2 subs=[index_high_cardinality]
level=debug ts=2022-09-07T14:32:09.085Z caller=manager.go:195 component="discovery manager scrape" msg="Starting provider" provider=static/3 subs=[fts_high_cardinality]
level=debug ts=2022-09-07T14:32:09.085Z caller=manager.go:195 component="discovery manager scrape" msg="Starting provider" provider=static/4 subs=[kv_high_cardinality]
level=debug ts=2022-09-07T14:32:09.085Z caller=manager.go:195 component="discovery manager scrape" msg="Starting provider" provider=static/5 subs=[cbas_high_cardinality]
level=debug ts=2022-09-07T14:32:09.085Z caller=manager.go:195 component="discovery manager scrape" msg="Starting provider" provider=static/6 subs=[eventing_high_cardinality]
level=debug ts=2022-09-07T14:32:09.085Z caller=manager.go:213 component="discovery manager scrape" msg="Discoverer channel closed" provider=static/2
level=debug ts=2022-09-07T14:32:09.085Z caller=manager.go:213 component="discovery manager scrape" msg="Discoverer channel closed" provider=static/6
level=debug ts=2022-09-07T14:32:09.085Z caller=manager.go:213 component="discovery manager scrape" msg="Discoverer channel closed" provider=static/4
level=debug ts=2022-09-07T14:32:09.085Z caller=manager.go:213 component="discovery manager scrape" msg="Discoverer channel closed" provider=static/0
level=debug ts=2022-09-07T14:32:09.085Z caller=manager.go:213 component="discovery manager scrape" msg="Discoverer channel closed" provider=static/5
level=debug ts=2022-09-07T14:32:09.085Z caller=manager.go:213 component="discovery manager scrape" msg="Discoverer channel closed" provider=static/1
level=debug ts=2022-09-07T14:32:09.085Z caller=manager.go:213 component="discovery manager scrape" msg="Discoverer channel closed" provider=static/3
level=info ts=2022-09-07T14:32:09.088Z caller=main.go:905 msg="Completed loading of configuration file" filename=/opt/couchbase/var/lib/couchbase/config/prometheus.yml totalDuration=11.785019ms remote_storage=2.525µs web_handler=2.265787ms query_engine=53.934µs scrape=1.872698ms scrape_sd=296.296µs notify=1.481µs notify_sd=1.665µs rules=3.63504ms
level=debug ts=2022-09-07T14:32:12.668Z caller=scrape.go:1129 component="scrape manager" scrape_pool=general target="http://127.0.0.1:8097/_prometheusMetrics?timeout=10000" msg="Scrape failed" err="server returned HTTP status 503 Service Unavailable"
level=debug ts=2022-09-07T14:32:20.277Z caller=scrape.go:1129 component="scrape manager" scrape_pool=general target="http://127.0.0.1:8095/_prometheusMetrics?timeout=10000" msg="Scrape failed" err="Get \"http://127.0.0.1:8095/_prometheusMetrics?timeout=10000\": dial tcp 127.0.0.1:8095: connect: connection refused"
level=debug ts=2022-09-07T14:32:21.768Z caller=scrape.go:1129 component="scrape manager" scrape_pool=cbas_high_cardinality target="http://127.0.0.1:8095/_prometheusMetricsHigh?timeout=10000" msg="Scrape failed" err="Get \"http://127.0.0.1:8095/_prometheusMetricsHigh?timeout=10000\": dial tcp 127.0.0.1:8095: connect: connection refused"
level=info ts=2022-09-08T12:07:42.541Z caller=main.go:363 msg="Starting Prometheus" version="(version=2.23.0, branch=HEAD, revision=2ba8aea3a8180aeaeafb662fe7f6651307d02925)"
level=info ts=2022-09-08T12:07:42.541Z caller=main.go:368 build_context="(go=go1.16.5, user=couchbase@96c0172babda, date=20211210-01:03:24)"
level=info ts=2022-09-08T12:07:42.541Z caller=main.go:369 host_details="(Linux 5.10.16.3-microsoft-standard-WSL2 #1 SMP Fri Apr 2 22:23:49 UTC 2021 x86_64 7f93839fbc4c localdomain)"
level=info ts=2022-09-08T12:07:42.541Z caller=main.go:370 fd_limits="(soft=1048576, hard=1048576)"
level=info ts=2022-09-08T12:07:42.541Z caller=main.go:371 vm_limits="(soft=unlimited, hard=unlimited)"
level=info ts=2022-09-08T12:07:42.554Z caller=web.go:502 component=web msg="Loading Basic Auth file" filename=/opt/couchbase/var/lib/couchbase/config/prometheus_auth
level=info ts=2022-09-08T12:07:42.558Z caller=web.go:519 component=web msg="Completed loading Basic Auth file" filename=/opt/couchbase/var/lib/couchbase/config/prometheus_auth
level=info ts=2022-09-08T12:07:42.560Z caller=web.go:636 component=web msg="Start listening for connections" address=127.0.0.1:9123
level=info ts=2022-09-08T12:07:42.560Z caller=main.go:725 msg="Starting TSDB ..."
level=info ts=2022-09-08T12:07:42.607Z caller=head.go:645 component=tsdb msg="Replaying on-disk memory mappable chunks if any"
level=info ts=2022-09-08T12:07:42.607Z caller=head.go:659 component=tsdb msg="On-disk memory mappable chunks replay completed" duration=8.893µs
level=info ts=2022-09-08T12:07:42.607Z caller=head.go:665 component=tsdb msg="Replaying WAL, this may take a while"
level=info ts=2022-09-08T12:07:42.716Z caller=head.go:717 component=tsdb msg="WAL segment loaded" segment=0 maxSegment=1
level=info ts=2022-09-08T12:07:42.721Z caller=head.go:717 component=tsdb msg="WAL segment loaded" segment=1 maxSegment=1
level=info ts=2022-09-08T12:07:42.721Z caller=head.go:722 component=tsdb msg="WAL replay completed" checkpoint_replay_duration=3.038592ms wal_replay_duration=110.730052ms total_replay_duration=113.804527ms
level=info ts=2022-09-08T12:07:42.733Z caller=main.go:745 fs_type=1021997
level=info ts=2022-09-08T12:07:42.733Z caller=main.go:748 msg="TSDB started"
level=debug ts=2022-09-08T12:07:42.733Z caller=main.go:749 msg="TSDB options" MinBlockDuration=2h MaxBlockDuration=1d1h MaxBytes=1GiB NoLockfile=true RetentionDuration=1y WALSegmentSize=0B AllowOverlappingBlocks=false WALCompression=true
level=info ts=2022-09-08T12:07:42.734Z caller=main.go:874 msg="Loading configuration file" filename=/opt/couchbase/var/lib/couchbase/config/prometheus.yml
level=info ts=2022-09-08T12:07:42.737Z caller=web.go:502 component=web msg="Loading Basic Auth file" filename=/opt/couchbase/var/lib/couchbase/config/prometheus_auth
level=info ts=2022-09-08T12:07:42.741Z caller=web.go:519 component=web msg="Completed loading Basic Auth file" filename=/opt/couchbase/var/lib/couchbase/config/prometheus_auth
level=debug ts=2022-09-08T12:07:42.742Z caller=manager.go:195 component="discovery manager scrape" msg="Starting provider" provider=static/0 subs=[eventing_high_cardinality]
level=debug ts=2022-09-08T12:07:42.742Z caller=manager.go:195 component="discovery manager scrape" msg="Starting provider" provider=static/1 subs=[general]
level=debug ts=2022-09-08T12:07:42.743Z caller=manager.go:195 component="discovery manager scrape" msg="Starting provider" provider=static/2 subs=[ns_server_high_cardinality]
level=debug ts=2022-09-08T12:07:42.743Z caller=manager.go:195 component="discovery manager scrape" msg="Starting provider" provider=static/3 subs=[index_high_cardinality]
level=debug ts=2022-09-08T12:07:42.743Z caller=manager.go:195 component="discovery manager scrape" msg="Starting provider" provider=static/4 subs=[fts_high_cardinality]
level=debug ts=2022-09-08T12:07:42.743Z caller=manager.go:195 component="discovery manager scrape" msg="Starting provider" provider=static/5 subs=[kv_high_cardinality]
level=debug ts=2022-09-08T12:07:42.743Z caller=manager.go:195 component="discovery manager scrape" msg="Starting provider" provider=static/6 subs=[cbas_high_cardinality]
level=debug ts=2022-09-08T12:07:42.743Z caller=manager.go:213 component="discovery manager scrape" msg="Discoverer channel closed" provider=static/2
level=debug ts=2022-09-08T12:07:42.743Z caller=manager.go:213 component="discovery manager scrape" msg="Discoverer channel closed" provider=static/1
level=debug ts=2022-09-08T12:07:42.743Z caller=manager.go:213 component="discovery manager scrape" msg="Discoverer channel closed" provider=static/3
level=debug ts=2022-09-08T12:07:42.743Z caller=manager.go:213 component="discovery manager scrape" msg="Discoverer channel closed" provider=static/4
level=debug ts=2022-09-08T12:07:42.743Z caller=manager.go:213 component="discovery manager scrape" msg="Discoverer channel closed" provider=static/5
level=debug ts=2022-09-08T12:07:42.743Z caller=manager.go:213 component="discovery manager scrape" msg="Discoverer channel closed" provider=static/6
level=debug ts=2022-09-08T12:07:42.743Z caller=manager.go:213 component="discovery manager scrape" msg="Discoverer channel closed" provider=static/0
level=info ts=2022-09-08T12:07:42.751Z caller=main.go:905 msg="Completed loading of configuration file" filename=/opt/couchbase/var/lib/couchbase/config/prometheus.yml totalDuration=17.452974ms remote_storage=3.219µs web_handler=3.369299ms query_engine=4.069µs scrape=651.465µs scrape_sd=1.159124ms notify=1.991µs notify_sd=6.7µs rules=8.305942ms
level=info ts=2022-09-08T12:07:42.751Z caller=main.go:697 msg="Server is ready to receive web requests."
level=info ts=2022-09-08T12:07:49.217Z caller=compact.go:502 component=tsdb msg="write block" mint=1662560906348 maxt=1662566400000 ulid=01GCEFZHMTPHMA8CHXB0045AWH duration=1.09584378s
level=info ts=2022-09-08T12:07:49.318Z caller=head.go:824 component=tsdb msg="Head GC completed" duration=9.560484ms
level=info ts=2022-09-08T12:07:49.484Z caller=compact.go:493 component=tsdb msg="write block resulted in empty block" mint=1662566400000 maxt=1662573600000 duration=125.851545ms
level=info ts=2022-09-08T12:07:49.511Z caller=head.go:824 component=tsdb msg="Head GC completed" duration=5.637357ms
level=info ts=2022-09-08T12:07:49.607Z caller=compact.go:493 component=tsdb msg="write block resulted in empty block" mint=1662573600000 maxt=1662580800000 duration=82.97729ms
level=info ts=2022-09-08T12:07:49.631Z caller=head.go:824 component=tsdb msg="Head GC completed" duration=5.844298ms
level=info ts=2022-09-08T12:07:49.708Z caller=compact.go:493 component=tsdb msg="write block resulted in empty block" mint=1662580800000 maxt=1662588000000 duration=70.975817ms
level=info ts=2022-09-08T12:07:49.727Z caller=head.go:824 component=tsdb msg="Head GC completed" duration=4.384553ms
level=info ts=2022-09-08T12:07:49.809Z caller=compact.go:493 component=tsdb msg="write block resulted in empty block" mint=1662588000000 maxt=1662595200000 duration=77.908031ms
level=info ts=2022-09-08T12:07:49.834Z caller=head.go:824 component=tsdb msg="Head GC completed" duration=6.859358ms
level=info ts=2022-09-08T12:07:49.971Z caller=compact.go:493 component=tsdb msg="write block resulted in empty block" mint=1662595200000 maxt=1662602400000 duration=130.516299ms
level=info ts=2022-09-08T12:07:49.990Z caller=head.go:824 component=tsdb msg="Head GC completed" duration=4.202126ms
level=info ts=2022-09-08T12:07:50.116Z caller=compact.go:493 component=tsdb msg="write block resulted in empty block" mint=1662602400000 maxt=1662609600000 duration=118.523444ms
level=info ts=2022-09-08T12:07:50.149Z caller=head.go:824 component=tsdb msg="Head GC completed" duration=8.981423ms
level=info ts=2022-09-08T12:07:50.262Z caller=compact.go:493 component=tsdb msg="write block resulted in empty block" mint=1662609600000 maxt=1662616800000 duration=105.694587ms
level=debug ts=2022-09-08T12:07:50.280Z caller=scrape.go:1129 component="scrape manager" scrape_pool=general target="http://127.0.0.1:8095/_prometheusMetrics?timeout=10000" msg="Scrape failed" err="Get \"http://127.0.0.1:8095/_prometheusMetrics?timeout=10000\": dial tcp 127.0.0.1:8095: connect: connection refused"
level=info ts=2022-09-08T12:07:50.298Z caller=head.go:824 component=tsdb msg="Head GC completed" duration=7.899605ms
level=info ts=2022-09-08T12:07:50.445Z caller=compact.go:493 component=tsdb msg="write block resulted in empty block" mint=1662616800000 maxt=1662624000000 duration=140.365845ms
level=info ts=2022-09-08T12:07:50.478Z caller=head.go:824 component=tsdb msg="Head GC completed" duration=6.97455ms
level=info ts=2022-09-08T12:07:50.608Z caller=compact.go:493 component=tsdb msg="write block resulted in empty block" mint=1662624000000 maxt=1662631200000 duration=116.306577ms
level=info ts=2022-09-08T12:07:50.653Z caller=head.go:824 component=tsdb msg="Head GC completed" duration=5.636995ms
level=debug ts=2022-09-08T12:07:51.772Z caller=scrape.go:1129 component="scrape manager" scrape_pool=cbas_high_cardinality target="http://127.0.0.1:8095/_prometheusMetricsHigh?timeout=10000" msg="Scrape failed" err="Get \"http://127.0.0.1:8095/_prometheusMetricsHigh?timeout=10000\": dial tcp 127.0.0.1:8095: connect: connection refused"
level=debug ts=2022-09-08T12:08:00.300Z caller=scrape.go:1129 component="scrape manager" scrape_pool=general target="http://127.0.0.1:8095/_prometheusMetrics?timeout=10000" msg="Scrape failed" err="Get \"http://127.0.0.1:8095/_prometheusMetrics?timeout=10000\": dial tcp 127.0.0.1:8095: connect: connection refused"
level=info ts=2022-09-08T13:00:00.357Z caller=compact.go:493 component=tsdb msg="write block resulted in empty block" mint=1662631200000 maxt=1662638400000 duration=146.995909ms
level=info ts=2022-09-08T13:00:00.377Z caller=head.go:824 component=tsdb msg="Head GC completed" duration=5.440872ms
level=debug ts=2022-09-08T13:46:39.747Z caller=scrape.go:1129 component="scrape manager" scrape_pool=general target="http://127.0.0.1:8095/_prometheusMetrics?timeout=10000" msg="Scrape failed" err="Get \"http://127.0.0.1:8095/_prometheusMetrics?timeout=10000\": context deadline exceeded"
