2022-09-07T14:32:10.213+00:00 [INFO] Current nofiles rlimit: 1048576 (max: 1048576)
2022/09/07 14:32:10 cfg_metakv: metaKVCallback, path: /fts/cbgt/cfg/nodeDefs-wanted/1678dfae96c38e07dff43c49b9f6967b, key: nodeDefs-wanted/1678dfae96c38e07dff43c49b9f6967b, deletion: false
2022/09/07 14:32:10 cfg_metakv: metaKVCallback, path: /fts/cbgt/cfg/nodeDefs-known/1678dfae96c38e07dff43c49b9f6967b, key: nodeDefs-known/1678dfae96c38e07dff43c49b9f6967b, deletion: false
2022/09/07 14:32:10 cfg_metakv: metaKVCallback, path: /fts/cbgt/cfg/version, key: version, deletion: false
2022-09-07T14:32:10.244+00:00 [INFO] Initialization of cbauth succeeded
2022-09-07T14:32:10.246+00:00 [INFO] New store created with url http://127.0.0.1:8091
2022-09-07T14:32:10.246+00:00 [Info] Recieve security change notification. encryption=false
2022-09-07T14:32:10.246+00:00 [Warn] certifcate location is missing.  Cannot refresh certifcate
2022-09-07T14:32:10.250+00:00 [INFO] keyspace N1QL_SYSTEM_BUCKET not found No bucket named N1QL_SYSTEM_BUCKET
2022-09-07T14:32:10.252+00:00 [INFO] Retrying bucket N1QL_SYSTEM_BUCKET
2022-09-07T14:32:10.253+00:00 [WARN] Changing GC percent from 0 to 200
2022-09-07T14:32:10.255+00:00 [INFO] New settings received: {"timeout":0,"numatrs":1024,"n1ql-feat-ctrl":76,"max-parallelism":1,"query.settings.curl_whitelist":{"all_access":false,"allowed_urls":[],"disallowed_urls":[]},"query.settings.tmp_space_dir":"/opt/couchbase/var/lib/couchbase/tmp","completed-limit":4000,"pipeline-batch":16,"prepared-limit":16384,"pipeline-cap":512,"memory-quota":0,"cleanupwindow":"60s","use-cbo":true,"scan-cap":512,"query.settings.tmp_space_size":5120,"completed-threshold":1000,"loglevel":"info","cleanuplostattempts":true,"cleanupclientattempts":true,"txtimeout":"0ms"}
2022-09-07T14:32:10.255+00:00 [INFO] Settings notifier from metakv
2022-09-07T14:32:10.255+00:00 [INFO] New Value for curl allowedlist <ud>map[all_access:false allowed_urls:[] disallowed_urls:[]]</ud>
2022-09-07T14:32:10.259+00:00 [Info] GSIC - Setting config map[query_tmpspace_dir:/opt/couchbase/var/lib/couchbase/tmp query_tmpspace_limit:5120]
2022-09-07T14:32:10.259+00:00 [INFO] GSI indexer settings have been updated map[query_tmpspace_dir:/opt/couchbase/var/lib/couchbase/tmp query_tmpspace_limit:5120]
2022-09-07T14:32:10.259+00:00 [AUDIT] audit: created new audit service
2022-09-07T14:32:10.260+00:00 [INFO] cbq-engine started version=7.1.1-N1QL datastore=http://127.0.0.1:8091 max-concurrency=8 loglevel=INFO servicers=32 plus-servicers=128 scan-cap=512 pipeline-cap=512 pipeline-batch=16 request-cap=256 request-size-cap=67108864 max-index-api=4 max-parallelism=1 n1ql-feat-ctrl=76 use-cbo=true timeout=0s txtimeout=0s gc-percent=200
2022-09-07T14:32:10.260+00:00 [INFO] Starting audit worker 7
2022-09-07T14:32:10.260+00:00 [INFO] Starting audit settings worker 1.
2022-09-07T14:32:10.260+00:00 [INFO] Starting audit worker 3
2022-09-07T14:32:10.260+00:00 [INFO] Starting audit worker 1
2022-09-07T14:32:10.260+00:00 [INFO] Starting audit worker 6
2022-09-07T14:32:10.260+00:00 [INFO] Starting audit worker 2
2022-09-07T14:32:10.260+00:00 [INFO] Starting audit worker 5
2022-09-07T14:32:10.260+00:00 [INFO] Starting audit worker 8
2022-09-07T14:32:10.260+00:00 [INFO] Starting audit worker 4
2022-09-07T14:32:10.261+00:00 [INFO] n1fty indexer settings have been updated map[query_tmpspace_dir:/opt/couchbase/var/lib/couchbase/tmp query_tmpspace_limit:5120]
2022-09-07T14:32:10.261+00:00 [INFO] Query Configuration changed for prepared-limit. New value is 16384
2022-09-07T14:32:10.261+00:00 [INFO] Query Configuration changed for pipeline-cap. New value is 512
2022-09-07T14:32:10.261+00:00 [INFO] Query Configuration changed for use-cbo. New value is true
2022-09-07T14:32:10.261+00:00 [INFO] Query Configuration changed for timeout. New value is 0
2022-09-07T14:32:10.261+00:00 [INFO] Query Configuration changed for completed-limit. New value is 4000
2022-09-07T14:32:10.261+00:00 [INFO] Query Configuration changed for loglevel. New value is info
2022-09-07T14:32:10.261+00:00 [INFO] Query Configuration changed for memory-quota. New value is 0
2022-09-07T14:32:10.261+00:00 [INFO] Query Configuration changed for txtimeout. New value is 0ms
2022-09-07T14:32:10.261+00:00 [INFO] Query Configuration changed for cleanupclientattempts. New value is true
2022-09-07T14:32:10.261+00:00 [INFO] Query Configuration changed for max-parallelism. New value is 1
2022-09-07T14:32:10.261+00:00 [INFO] Query Configuration changed for scan-cap. New value is 512
2022-09-07T14:32:10.261+00:00 [INFO] Query Configuration changed for cleanupwindow. New value is 60s
2022-09-07T14:32:10.261+00:00 [INFO] Query Configuration changed for completed-threshold. New value is 1000
2022-09-07T14:32:10.261+00:00 [INFO] Query Configuration changed for numatrs. New value is 1024
2022-09-07T14:32:10.261+00:00 [INFO] Query Configuration changed for n1ql-feat-ctrl. New value is 76
2022-09-07T14:32:10.261+00:00 [INFO] Query Configuration changed for cleanuplostattempts. New value is true
2022-09-07T14:32:10.261+00:00 [INFO] Query Configuration changed for pipeline-batch. New value is 16
2022-09-07T14:32:10.269+00:00 [INFO] Unable to initialize functions cache monitor Could not access functions change counter because <nil>
2022-09-07T14:32:10.284+00:00 [INFO] jsevaluator: 2022-09-07T14:32:10.284+00:00 [Info] Attempting to start UDF Query Server on port 38387 Addr: 127.0.0.1:38387
2022-09-07T14:32:11.261+00:00 [INFO] Starting audit update stream
2022-09-07T14:32:11.335+00:00 [INFO] HttpEndpoint: Listen Address - [::]:8093
2022-09-07T14:32:11.335+00:00 [INFO] HttpEndpoint: Listen Address - 0.0.0.0:8093
2022-09-07T14:32:11.335+00:00 [INFO] Certificates have been refreshed by ns server
2022-09-07T14:32:11.341+00:00 [INFO] HttpEndpoint: ListenTLS Address - [::]:18093
2022-09-07T14:32:11.341+00:00 [INFO] HttpEndpoint: ListenTLS Address - 0.0.0.0:18093
2022-09-07T14:32:11.341+00:00 [INFO] Updating node-to-node encryption level: {EncryptData:false DisableNonSSLPorts:false}
2022-09-07T14:32:11.341+00:00 [Info] Recieve security change notification. encryption=false
2022-09-07T14:32:11.347+00:00 [INFO] Initial topology: no active nodes
2022-09-07T14:32:11.348+00:00 [Info] Certificate refreshed successfully with certFile /opt/couchbase/var/lib/couchbase/config/certs/chain.pem, keyFile /opt/couchbase/var/lib/couchbase/config/certs/pkey.pem, caFile /opt/couchbase/var/lib/couchbase/config/certs/ca.pem
2022-09-07T14:32:11.700+00:00 [INFO] cfg_metakv: metaKVCallback, path: /fts/cbgt/cfg/nodeDefs-known/1678dfae96c38e07dff43c49b9f6967b, key: nodeDefs-known/1678dfae96c38e07dff43c49b9f6967b, deletion: false
2022-09-07T14:32:11.703+00:00 [INFO] cfg_metakv: metaKVCallback, path: /fts/cbgt/cfg/nodeDefs-wanted/1678dfae96c38e07dff43c49b9f6967b, key: nodeDefs-wanted/1678dfae96c38e07dff43c49b9f6967b, deletion: false
2022-09-07T14:32:19.276+00:00 [INFO] Preparing for possible topology change
2022-09-07T14:32:19.280+00:00 [INFO] Topology: 1678dfae96c38e07dff43c49b9f6967b[127.0.0.1:8091]
2022-09-07T14:32:35.917+00:00 [INFO] Loaded manifest for bucket todo id 0
2022-09-07T14:32:35.917+00:00 [INFO] Loaded New Bucket todo
2022-09-07T14:32:35.918+00:00 [INFO] Bucket updater: Trying with http://127.0.0.1:8091/pools/default/bucketsStreaming/todo
2022-09-07T14:32:35.945+00:00 [Info] creating GsiClient for 127.0.0.1:8091
2022-09-07T14:32:35.945+00:00 [Info] Recieve security change notification. encryption=false
2022-09-07T14:32:35.969+00:00 [Info] Certificate refreshed successfully with certFile /opt/couchbase/var/lib/couchbase/config/certs/chain.pem, keyFile /opt/couchbase/var/lib/couchbase/config/certs/pkey.pem, caFile /opt/couchbase/var/lib/couchbase/config/certs/ca.pem
2022-09-07T14:32:35.969+00:00 [Info] InitSystemEventLogger: Started SystemEventLogger
2022-09-07T14:32:35.978+00:00 [Info] New settings received: 
{"indexer.plasma.backIndex.enablePageBloomFilter":false,"indexer.settings.compaction.abort_exceed_interval":false,"indexer.settings.compaction.compaction_mode":"circular","indexer.settings.compaction.days_of_week":"Sunday,Monday,Tuesday,Wednesday,Thursday,Friday,Saturday","indexer.settings.compaction.interval":"00:00,00:00","indexer.settings.compaction.min_frag":30,"indexer.settings.enable_page_bloom_filter":false,"indexer.settings.inmemory_snapshot.interval":200,"indexer.settings.log_level":"info","indexer.settings.max_cpu_percent":0,"indexer.settings.memory_quota":1143996416,"indexer.settings.num_replica":0,"indexer.settings.persisted_snapshot.interval":5000,"indexer.settings.rebalance.redistribute_indexes":false,"indexer.settings.recovery.max_rollbacks":2,"indexer.settings.storage_mode":"plasma"}
2022-09-07T14:32:35.993+00:00 [Info] security context initialized
2022-09-07T14:32:35.993+00:00 [Info] security port mapping updated : map[11210:11207 8091:18091 8093:18093 9100:9100 9101:9101 9102:19102 9103:9103 9104:9104 9105:9105 9999:9999]
2022-09-07T14:32:35.998+00:00 [Info] Terminating WatchClusterVersionChanges: Cluster version is >= 6
2022-09-07T14:32:36.004+00:00 [Info] MetadataProvider.SetClusterStatus(): healthy nodes 1 failed node 0 unhealthy node 0 add node 0
2022-09-07T14:32:36.004+00:00 [Info] Refreshing indexer list due to cluster changes or auto-refresh.
2022-09-07T14:32:36.004+00:00 [Info] Refreshed Indexer List: [127.0.0.1:9100]
2022-09-07T14:32:36.004+00:00 [Info] MetadataProvider.WatchMetadata(): indexer 127.0.0.1:9100
2022-09-07T14:32:36.015+00:00 [Info] watcher:ClientAuth successful for 127.0.0.1:9100
2022-09-07T14:32:36.017+00:00 [Info] internalVersionMonitor:monitor starting. Term versions (6:7.0.4)
2022-09-07T14:32:36.017+00:00 [Info] internalVersionMonitor:ticker starting ...
2022-09-07T14:32:36.019+00:00 [Info] internalVersionMonitor:notifier starting ...
2022-09-07T14:32:36.019+00:00 [Info] internalVersionMonitor:monitor terminate. Cluster version reached 6
2022-09-07T14:32:36.019+00:00 [Info] internalVersionMonitor:ticker stopping ...
2022-09-07T14:32:36.026+00:00 [Info] WatchMetadata(): successfully reach indexer at 127.0.0.1:9100.
2022-09-07T14:32:36.029+00:00 [Info] MetadataProvider: Posting indexer version to metakv. Version=6
2022-09-07T14:32:36.029+00:00 [Info] MetadataProvider: Updating indexer version to 6
2022-09-07T14:32:36.029+00:00 [Info] initialized currmeta 1 force true 
2022-09-07T14:32:36.040+00:00 [Info] serviceChangeNotifier: Creating new notifier instance for http://%40cbq-engine@127.0.0.1:8091, default
2022-09-07T14:32:36.046+00:00 [Info] serviceChangeNotifier: received ServiceChangeNotification
2022-09-07T14:32:36.048+00:00 [Info] serviceChangeNotifier: Starting to monitor the bucket streaming endpoint for bucket: todo
2022-09-07T14:32:36.048+00:00 [Info] serviceChangeNotifier: received PoolChangeNotification
2022-09-07T14:32:36.049+00:00 [Info] [Queryport-connpool:127.0.0.1:9101] started poolsize 5000 overflow 30 low WM 1000 relConn batch size 100 ...
2022-09-07T14:32:36.049+00:00 [Info] [GsiScanClient:"127.0.0.1:9101"] started ...
2022-09-07T14:32:36.050+00:00 [Info] Refreshing indexer list due to cluster changes or auto-refresh.
2022-09-07T14:32:36.050+00:00 [Info] Refreshed Indexer List: [127.0.0.1:9100]
2022-09-07T14:32:36.050+00:00 [Info] [Queryport-connpool:127.0.0.1:9101] open new connection ...
2022-09-07T14:32:36.051+00:00 [Info] switched currmeta from 1 -> 1 force true 
2022-09-07T14:32:36.053+00:00 [Info] GsiClient::UpdateUsecjson: using collatejson as data format between indexer and GsiClient
2022-09-07T14:32:36.053+00:00 [Info] GsiClient::UpdateUsecjson: using collatejson as data format between indexer and GsiClient
2022-09-07T14:32:36.053+00:00 [Info] GSIC[default/todo-_default-_default-1662561155917865743] started ...
2022-09-07T14:32:36.053+00:00 [Info] Recieve security change notification. encryption=false
2022-09-07T14:32:36.055+00:00 [Info] Refreshing indexer list due to cluster changes or auto-refresh.
2022-09-07T14:32:36.055+00:00 [Info] Refreshed Indexer List: [127.0.0.1:9100]
2022-09-07T14:32:36.058+00:00 [Info] switched currmeta from 1 -> 1 force true 
2022-09-07T14:32:36.070+00:00 [Info] Certificate refreshed successfully with certFile /opt/couchbase/var/lib/couchbase/config/certs/chain.pem, keyFile /opt/couchbase/var/lib/couchbase/config/certs/pkey.pem, caFile /opt/couchbase/var/lib/couchbase/config/certs/ca.pem
2022-09-07T14:32:36.070+00:00 [INFO] n1fty: NewFTSIndexer, server: http://127.0.0.1:8091, namespace: default, keyspace: todo
2022-09-07T14:32:36.088+00:00 [Info] GsiClient::UpdateUsecjson: using collatejson as data format between indexer and GsiClient
2022-09-07T14:33:09.979+00:00 [Info] New settings received: 
{"indexer.plasma.backIndex.enableInMemoryCompression":true,"indexer.plasma.backIndex.enablePageBloomFilter":false,"indexer.plasma.mainIndex.enableInMemoryCompression":true,"indexer.settings.allow_large_keys":true,"indexer.settings.bufferPoolBlockSize":16384,"indexer.settings.build.batch_size":5,"indexer.settings.compaction.abort_exceed_interval":false,"indexer.settings.compaction.check_period":30,"indexer.settings.compaction.compaction_mode":"circular","indexer.settings.compaction.days_of_week":"Sunday,Monday,Tuesday,Wednesday,Thursday,Friday,Saturday","indexer.settings.compaction.interval":"00:00,00:00","indexer.settings.compaction.min_frag":30,"indexer.settings.compaction.min_size":524288000,"indexer.settings.compaction.plasma.manual":false,"indexer.settings.compaction.plasma.optional.decrement":5,"indexer.settings.compaction.plasma.optional.min_frag":20,"indexer.settings.compaction.plasma.optional.quota":25,"indexer.settings.corrupt_index_num_backups":1,"indexer.settings.cpuProfDir":"","indexer.settings.cpuProfile":false,"indexer.settings.eTagPeriod":240,"indexer.settings.enable_corrupt_index_backup":false,"indexer.settings.enable_page_bloom_filter":false,"indexer.settings.fast_flush_mode":true,"indexer.settings.gc_percent":100,"indexer.settings.inmemory_snapshot.fdb.interval":200,"indexer.settings.inmemory_snapshot.interval":200,"indexer.settings.inmemory_snapshot.moi.interval":10,"indexer.settings.largeSnapshotThreshold":200,"indexer.settings.log_level":"info","indexer.settings.maxVbQueueLength":0,"indexer.settings.max_array_seckey_size":10240,"indexer.settings.max_cpu_percent":0,"indexer.settings.max_seckey_size":4608,"indexer.settings.max_writer_lock_prob":20,"indexer.settings.memProfDir":"","indexer.settings.memProfile":false,"indexer.settings.memory_quota":1143996416,"indexer.settings.minVbQueueLength":250,"indexer.settings.moi.debug":false,"indexer.settings.moi.persistence_threads":4,"indexer.settings.moi.recovery.max_rollbacks":2,"indexer.settings.moi.recovery_threads":8,"indexer.settings.num_replica":0,"indexer.settings.persisted_snapshot.fdb.interval":5000,"indexer.settings.persisted_snapshot.interval":5000,"indexer.settings.persisted_snapshot.moi.interval":600000,"indexer.settings.persisted_snapshot_init_build.fdb.interval":5000,"indexer.settings.persisted_snapshot_init_build.interval":5000,"indexer.settings.persisted_snapshot_init_build.moi.interval":600000,"indexer.settings.plasma.recovery.max_rollbacks":2,"indexer.settings.rebalance.redistribute_indexes":false,"indexer.settings.recovery.max_rollbacks":2,"indexer.settings.scan_getseqnos_retries":30,"indexer.settings.scan_timeout":120000,"indexer.settings.send_buffer_size":1024,"indexer.settings.sliceBufSize":1600,"indexer.settings.smallSnapshotThreshold":30,"indexer.settings.snapshotListeners":4,"indexer.settings.snapshotRequestWorkers":4,"indexer.settings.statsLogDumpInterval":60,"indexer.settings.storage_mode":"plasma","indexer.settings.storage_mode.disable_upgrade":false,"indexer.settings.wal_size":4096,"projector.settings.log_level":"info","queryport.client.settings.backfillLimit":5120,"queryport.client.settings.minPoolSizeWM":1000,"queryport.client.settings.poolOverflow":30,"queryport.client.settings.poolSize":5000,"queryport.client.settings.relConnBatchSize":100}
2022-09-07T14:33:14.805+00:00 [INFO] keyspace default not found No bucket named default
2022-09-07T14:33:14.815+00:00 [INFO] Retrying bucket default
2022-09-07T14:33:14.815+00:00 [INFO] keyspace default not found No bucket named default
2022-09-07T14:33:14.822+00:00 [INFO] Retrying bucket default
2022-09-07T14:33:31.734+00:00 [Info] CreateIndex todo _default _default #primary ...
2022-09-07T14:33:31.736+00:00 [Info] send prepare create request to watcher 127.0.0.1:9100
2022-09-07T14:33:31.738+00:00 [Info] Indexer 127.0.0.1:9100 accept prepare request. Index (todo, _default, _default, #primary)
2022-09-07T14:33:31.738+00:00 [Info] Skipping planner for creation of the index todo:_default:_default:#primary
2022-09-07T14:33:31.739+00:00 [Info] send commit create request to watcher 127.0.0.1:9100 defnID 7024789625474220722
2022-09-07T14:33:31.787+00:00 [Info] Refreshing indexer list due to cluster changes or auto-refresh.
2022-09-07T14:33:31.787+00:00 [Info] Refreshed Indexer List: [127.0.0.1:9100]
2022-09-07T14:33:31.787+00:00 [Info] switched currmeta from 1 -> 3 force true 
2022-09-07T14:33:31.892+00:00 [Info] Refreshing indexer list due to cluster changes or auto-refresh.
2022-09-07T14:33:31.892+00:00 [Info] Refreshed Indexer List: [127.0.0.1:9100]
2022-09-07T14:33:31.893+00:00 [Info] switched currmeta from 3 -> 4 force true 
2022-09-07T14:33:31.905+00:00 [Info] Refreshing indexer list due to cluster changes or auto-refresh.
2022-09-07T14:33:31.905+00:00 [Info] Refreshed Indexer List: [127.0.0.1:9100]
2022-09-07T14:33:31.906+00:00 [Info] switched currmeta from 4 -> 5 force true 
2022-09-07T14:33:31.977+00:00 [Info] Refreshing indexer list due to cluster changes or auto-refresh.
2022-09-07T14:33:31.977+00:00 [Info] Refreshed Indexer List: [127.0.0.1:9100]
2022-09-07T14:33:31.983+00:00 [Info] switched currmeta from 5 -> 6 force true 
2022-09-07T14:33:32.572+00:00 [Info] serviceChangeNotifier: received PoolChangeNotification
2022-09-07T14:33:32.576+00:00 [Info] Refreshing indexer list due to cluster changes or auto-refresh.
2022-09-07T14:33:32.576+00:00 [Info] Refreshed Indexer List: [127.0.0.1:9100]
2022-09-07T14:33:32.577+00:00 [Info] switched currmeta from 6 -> 6 force true 
2022-09-07T14:33:33.821+00:00 [Info] CreateIndex 7024789625474220722 todo _default _default/#primary using:GSI exprType:N1QL whereExpr:<ud>()</ud> secExprs:<ud>([])</ud> desc:[] indexMissingLeadingKey:false isPrimary:true scheme:SINGLE  partitionKeys:<ud>([])</ud> with: - elapsed(2.087614783s) err(<nil>)
2022-09-07T14:33:33.821+00:00 [Info] metadata provider version changed 6 -> 7
2022-09-07T14:33:33.821+00:00 [Info] switched currmeta from 6 -> 7 force false 
2022-09-07T14:33:33.821+00:00 [Info] GsiClient::UpdateUsecjson: using collatejson as data format between indexer and GsiClient
2022-09-07T14:33:33.833+00:00 [Info] Refreshing indexer list due to cluster changes or auto-refresh.
2022-09-07T14:33:33.833+00:00 [Info] Refreshed Indexer List: [127.0.0.1:9100]
2022-09-07T14:33:33.839+00:00 [Info] switched currmeta from 7 -> 7 force true 
2022-09-07T14:33:35.946+00:00 [Info] Rollback time has changed for index inst 9558164403522159809. New rollback time 1662561211875864966
2022-09-07T14:33:36.030+00:00 [Info] connected with 1 indexers
2022-09-07T14:33:36.030+00:00 [Info] client stats current counts: current: 1, not current: 0
2022-09-07T14:33:36.054+00:00 [Info] num concurrent scans {0}
2022-09-07T14:33:36.054+00:00 [Info] average scan response {0 ms}
2022-09-07T14:33:36.087+00:00 [Info] [Queryport-connpool:127.0.0.1:9101] active conns 0, free conns 1
2022-09-07T14:33:37.578+00:00 [Info] serviceChangeNotifier: received PoolChangeNotification
2022-09-07T14:33:37.581+00:00 [Info] Refreshing indexer list due to cluster changes or auto-refresh.
2022-09-07T14:33:37.581+00:00 [Info] Refreshed Indexer List: [127.0.0.1:9100]
2022-09-07T14:33:37.582+00:00 [Info] switched currmeta from 7 -> 7 force true 
2022-09-07T14:33:50.270+00:00 [Info] GsiClient::UpdateUsecjson: using collatejson as data format between indexer and GsiClient
2022-09-07T14:34:36.031+00:00 [Info] connected with 1 indexers
2022-09-07T14:34:36.031+00:00 [Info] client stats current counts: current: 1, not current: 0
2022-09-07T14:34:36.053+00:00 [Info] GSIC[default/todo-_default-_default-1662561155917865743] logstats "todo" {"gsi_scan_count":2,"gsi_scan_duration":9984064,"gsi_throttle_duration":0,"gsi_prime_duration":8540671,"gsi_blocked_duration":0,"gsi_total_temp_files":0,"gsi_backfill_size":0}
2022-09-07T14:34:36.053+00:00 [Info] num concurrent scans {0}
2022-09-07T14:34:36.053+00:00 [Info] average scan response {2 ms}
2022-09-07T14:34:36.122+00:00 [Info] [Queryport-connpool:127.0.0.1:9101] active conns 0, free conns 1
2022-09-07T14:35:36.030+00:00 [Info] connected with 1 indexers
2022-09-07T14:35:36.030+00:00 [Info] client stats current counts: current: 1, not current: 0
2022-09-07T14:35:36.054+00:00 [Info] GSIC[default/todo-_default-_default-1662561155917865743] logstats "todo" {"gsi_scan_count":3,"gsi_scan_duration":10546667,"gsi_throttle_duration":0,"gsi_prime_duration":9016633,"gsi_blocked_duration":0,"gsi_total_temp_files":0,"gsi_backfill_size":0}
2022-09-07T14:35:36.054+00:00 [Info] num concurrent scans {0}
2022-09-07T14:35:36.054+00:00 [Info] average scan response {1 ms}
2022-09-07T14:35:36.157+00:00 [Info] [Queryport-connpool:127.0.0.1:9101] active conns 0, free conns 1
2022-09-07T14:36:36.031+00:00 [Info] connected with 1 indexers
2022-09-07T14:36:36.031+00:00 [Info] client stats current counts: current: 1, not current: 0
2022-09-07T14:36:36.053+00:00 [Info] num concurrent scans {0}
2022-09-07T14:36:36.053+00:00 [Info] average scan response {1 ms}
2022-09-07T14:36:36.053+00:00 [Info] GSIC[default/todo-_default-_default-1662561155917865743] logstats "todo" {"gsi_scan_count":4,"gsi_scan_duration":11156027,"gsi_throttle_duration":0,"gsi_prime_duration":9526723,"gsi_blocked_duration":0,"gsi_total_temp_files":0,"gsi_backfill_size":0}
2022-09-07T14:36:36.194+00:00 [Info] [Queryport-connpool:127.0.0.1:9101] active conns 0, free conns 1
2022-09-07T14:37:36.031+00:00 [Info] connected with 1 indexers
2022-09-07T14:37:36.031+00:00 [Info] client stats current counts: current: 1, not current: 0
2022-09-07T14:37:36.053+00:00 [Info] num concurrent scans {0}
2022-09-07T14:37:36.053+00:00 [Info] average scan response {1 ms}
2022-09-07T14:37:36.230+00:00 [Info] [Queryport-connpool:127.0.0.1:9101] active conns 0, free conns 1
2022-09-07T14:38:36.030+00:00 [Info] connected with 1 indexers
2022-09-07T14:38:36.030+00:00 [Info] client stats current counts: current: 1, not current: 0
2022-09-07T14:38:36.054+00:00 [Info] num concurrent scans {0}
2022-09-07T14:38:36.054+00:00 [Info] average scan response {1 ms}
2022-09-07T14:38:36.267+00:00 [Info] [Queryport-connpool:127.0.0.1:9101] active conns 0, free conns 1
2022-09-07T14:39:36.030+00:00 [Info] connected with 1 indexers
2022-09-07T14:39:36.030+00:00 [Info] client stats current counts: current: 1, not current: 0
2022-09-07T14:39:36.053+00:00 [Info] num concurrent scans {0}
2022-09-07T14:39:36.053+00:00 [Info] GSIC[default/todo-_default-_default-1662561155917865743] logstats "todo" {"gsi_scan_count":5,"gsi_scan_duration":12059973,"gsi_throttle_duration":0,"gsi_prime_duration":10288402,"gsi_blocked_duration":0,"gsi_total_temp_files":0,"gsi_backfill_size":0}
2022-09-07T14:39:36.053+00:00 [Info] average scan response {0 ms}
2022-09-07T14:39:36.309+00:00 [Info] [Queryport-connpool:127.0.0.1:9101] active conns 0, free conns 1
2022-09-07T14:40:36.031+00:00 [Info] connected with 1 indexers
2022-09-07T14:40:36.031+00:00 [Info] client stats current counts: current: 1, not current: 0
2022-09-07T14:40:36.053+00:00 [Info] GSIC[default/todo-_default-_default-1662561155917865743] logstats "todo" {"gsi_scan_count":6,"gsi_scan_duration":12530433,"gsi_throttle_duration":0,"gsi_prime_duration":10707770,"gsi_blocked_duration":0,"gsi_total_temp_files":0,"gsi_backfill_size":0}
2022-09-07T14:40:36.053+00:00 [Info] num concurrent scans {0}
2022-09-07T14:40:36.053+00:00 [Info] average scan response {0 ms}
2022-09-07T14:40:36.346+00:00 [Info] [Queryport-connpool:127.0.0.1:9101] active conns 0, free conns 1
2022-09-07T14:41:36.030+00:00 [Info] connected with 1 indexers
2022-09-07T14:41:36.030+00:00 [Info] client stats current counts: current: 1, not current: 0
2022-09-07T14:41:36.054+00:00 [Info] num concurrent scans {0}
2022-09-07T14:41:36.054+00:00 [Info] average scan response {0 ms}
2022-09-07T14:41:36.382+00:00 [Info] [Queryport-connpool:127.0.0.1:9101] active conns 0, free conns 1
2022-09-07T14:42:36.030+00:00 [Info] connected with 1 indexers
2022-09-07T14:42:36.030+00:00 [Info] client stats current counts: current: 1, not current: 0
2022-09-07T14:42:36.053+00:00 [Info] GSIC[default/todo-_default-_default-1662561155917865743] logstats "todo" {"gsi_scan_count":8,"gsi_scan_duration":16476125,"gsi_throttle_duration":0,"gsi_prime_duration":14074906,"gsi_blocked_duration":0,"gsi_total_temp_files":0,"gsi_backfill_size":0}
2022-09-07T14:42:36.054+00:00 [Info] num concurrent scans {0}
2022-09-07T14:42:36.054+00:00 [Info] average scan response {1 ms}
2022-09-07T14:42:36.419+00:00 [Info] [Queryport-connpool:127.0.0.1:9101] active conns 0, free conns 1
2022-09-07T14:43:36.031+00:00 [Info] connected with 1 indexers
2022-09-07T14:43:36.031+00:00 [Info] client stats current counts: current: 1, not current: 0
2022-09-07T14:43:36.053+00:00 [Info] num concurrent scans {0}
2022-09-07T14:43:36.053+00:00 [Info] average scan response {1 ms}
2022-09-07T14:43:36.053+00:00 [Info] GSIC[default/todo-_default-_default-1662561155917865743] logstats "todo" {"gsi_scan_count":10,"gsi_scan_duration":18491642,"gsi_throttle_duration":0,"gsi_prime_duration":15435935,"gsi_blocked_duration":0,"gsi_total_temp_files":0,"gsi_backfill_size":0}
2022-09-07T14:43:36.456+00:00 [Info] [Queryport-connpool:127.0.0.1:9101] active conns 0, free conns 1
2022-09-07T14:44:36.031+00:00 [Info] connected with 1 indexers
2022-09-07T14:44:36.031+00:00 [Info] client stats current counts: current: 1, not current: 0
2022-09-07T14:44:36.053+00:00 [Info] num concurrent scans {0}
2022-09-07T14:44:36.053+00:00 [Info] average scan response {1 ms}
2022-09-07T14:44:36.494+00:00 [Info] [Queryport-connpool:127.0.0.1:9101] active conns 0, free conns 1
2022-09-07T14:45:36.031+00:00 [Info] connected with 1 indexers
2022-09-07T14:45:36.031+00:00 [Info] client stats current counts: current: 1, not current: 0
2022-09-07T14:45:36.053+00:00 [Info] GSIC[default/todo-_default-_default-1662561155917865743] logstats "todo" {"gsi_scan_count":11,"gsi_scan_duration":23407494,"gsi_throttle_duration":0,"gsi_prime_duration":20187660,"gsi_blocked_duration":0,"gsi_total_temp_files":0,"gsi_backfill_size":0}
2022-09-07T14:45:36.053+00:00 [Info] num concurrent scans {0}
2022-09-07T14:45:36.053+00:00 [Info] average scan response {2 ms}
2022-09-07T14:45:36.531+00:00 [Info] [Queryport-connpool:127.0.0.1:9101] active conns 0, free conns 1
2022-09-07T14:46:36.031+00:00 [Info] connected with 1 indexers
2022-09-07T14:46:36.031+00:00 [Info] client stats current counts: current: 1, not current: 0
2022-09-07T14:46:36.053+00:00 [Info] num concurrent scans {0}
2022-09-07T14:46:36.053+00:00 [Info] average scan response {1 ms}
2022-09-07T14:46:36.053+00:00 [Info] GSIC[default/todo-_default-_default-1662561155917865743] logstats "todo" {"gsi_scan_count":12,"gsi_scan_duration":24111195,"gsi_throttle_duration":0,"gsi_prime_duration":20816491,"gsi_blocked_duration":0,"gsi_total_temp_files":0,"gsi_backfill_size":0}
2022-09-07T14:46:36.568+00:00 [Info] [Queryport-connpool:127.0.0.1:9101] active conns 0, free conns 1
2022-09-07T14:47:36.030+00:00 [Info] connected with 1 indexers
2022-09-07T14:47:36.030+00:00 [Info] client stats current counts: current: 1, not current: 0
2022-09-07T14:47:36.053+00:00 [Info] GSIC[default/todo-_default-_default-1662561155917865743] logstats "todo" {"gsi_scan_count":13,"gsi_scan_duration":24738108,"gsi_throttle_duration":0,"gsi_prime_duration":21381587,"gsi_blocked_duration":0,"gsi_total_temp_files":0,"gsi_backfill_size":0}
2022-09-07T14:47:36.054+00:00 [Info] num concurrent scans {0}
2022-09-07T14:47:36.054+00:00 [Info] average scan response {1 ms}
2022-09-07T14:47:36.610+00:00 [Info] [Queryport-connpool:127.0.0.1:9101] active conns 0, free conns 1
2022-09-07T14:48:36.031+00:00 [Info] connected with 1 indexers
2022-09-07T14:48:36.031+00:00 [Info] client stats current counts: current: 1, not current: 0
2022-09-07T14:48:36.053+00:00 [Info] num concurrent scans {0}
2022-09-07T14:48:36.053+00:00 [Info] average scan response {1 ms}
2022-09-07T14:48:36.647+00:00 [Info] [Queryport-connpool:127.0.0.1:9101] active conns 0, free conns 1
2022-09-07T14:49:36.030+00:00 [Info] connected with 1 indexers
2022-09-07T14:49:36.030+00:00 [Info] client stats current counts: current: 1, not current: 0
2022-09-07T14:49:36.054+00:00 [Info] num concurrent scans {0}
2022-09-07T14:49:36.054+00:00 [Info] average scan response {1 ms}
2022-09-07T14:49:36.685+00:00 [Info] [Queryport-connpool:127.0.0.1:9101] active conns 0, free conns 1
2022-09-07T14:50:36.030+00:00 [Info] connected with 1 indexers
2022-09-07T14:50:36.030+00:00 [Info] client stats current counts: current: 1, not current: 0
2022-09-07T14:50:36.054+00:00 [Info] num concurrent scans {0}
2022-09-07T14:50:36.054+00:00 [Info] average scan response {0 ms}
2022-09-07T14:50:36.054+00:00 [Info] GSIC[default/todo-_default-_default-1662561155917865743] logstats "todo" {"gsi_scan_count":15,"gsi_scan_duration":26509338,"gsi_throttle_duration":0,"gsi_prime_duration":22928644,"gsi_blocked_duration":0,"gsi_total_temp_files":0,"gsi_backfill_size":0}
2022-09-07T14:50:36.723+00:00 [Info] [Queryport-connpool:127.0.0.1:9101] active conns 0, free conns 1
2022-09-07T14:51:36.031+00:00 [Info] connected with 1 indexers
2022-09-07T14:51:36.031+00:00 [Info] client stats current counts: current: 1, not current: 0
2022-09-07T14:51:36.053+00:00 [Info] num concurrent scans {0}
2022-09-07T14:51:36.053+00:00 [Info] average scan response {0 ms}
2022-09-07T14:51:36.762+00:00 [Info] [Queryport-connpool:127.0.0.1:9101] active conns 0, free conns 1
2022-09-07T14:52:36.030+00:00 [Info] connected with 1 indexers
2022-09-07T14:52:36.030+00:00 [Info] client stats current counts: current: 1, not current: 0
2022-09-07T14:52:36.053+00:00 [Info] num concurrent scans {0}
2022-09-07T14:52:36.053+00:00 [Info] average scan response {0 ms}
2022-09-07T14:52:36.799+00:00 [Info] [Queryport-connpool:127.0.0.1:9101] active conns 0, free conns 1
2022-09-07T14:53:36.031+00:00 [Info] connected with 1 indexers
2022-09-07T14:53:36.031+00:00 [Info] client stats current counts: current: 1, not current: 0
2022-09-07T14:53:36.054+00:00 [Info] num concurrent scans {0}
2022-09-07T14:53:36.054+00:00 [Info] average scan response {0 ms}
2022-09-07T14:53:36.844+00:00 [Info] [Queryport-connpool:127.0.0.1:9101] active conns 0, free conns 1
2022-09-07T14:54:36.031+00:00 [Info] connected with 1 indexers
2022-09-07T14:54:36.031+00:00 [Info] client stats current counts: current: 1, not current: 0
2022-09-07T14:54:36.053+00:00 [Info] GSIC[default/todo-_default-_default-1662561155917865743] logstats "todo" {"gsi_scan_count":16,"gsi_scan_duration":27427299,"gsi_throttle_duration":0,"gsi_prime_duration":23719605,"gsi_blocked_duration":0,"gsi_total_temp_files":0,"gsi_backfill_size":0}
2022-09-07T14:54:36.053+00:00 [Info] num concurrent scans {0}
2022-09-07T14:54:36.053+00:00 [Info] average scan response {0 ms}
2022-09-07T14:54:36.884+00:00 [Info] [Queryport-connpool:127.0.0.1:9101] active conns 0, free conns 1
2022-09-07T14:55:36.030+00:00 [Info] connected with 1 indexers
2022-09-07T14:55:36.030+00:00 [Info] client stats current counts: current: 1, not current: 0
2022-09-07T14:55:36.053+00:00 [Info] num concurrent scans {0}
2022-09-07T14:55:36.053+00:00 [Info] average scan response {0 ms}
2022-09-07T14:55:36.924+00:00 [Info] [Queryport-connpool:127.0.0.1:9101] active conns 0, free conns 1
2022-09-07T14:56:36.031+00:00 [Info] connected with 1 indexers
2022-09-07T14:56:36.031+00:00 [Info] client stats current counts: current: 1, not current: 0
2022-09-07T14:56:36.053+00:00 [Info] num concurrent scans {0}
2022-09-07T14:56:36.053+00:00 [Info] average scan response {0 ms}
2022-09-07T14:56:36.964+00:00 [Info] [Queryport-connpool:127.0.0.1:9101] active conns 0, free conns 1
2022/09/08 12:07:44 cfg_metakv: metaKVCallback, path: /fts/cbgt/cfg/nodeDefs-known/1678dfae96c38e07dff43c49b9f6967b, key: nodeDefs-known/1678dfae96c38e07dff43c49b9f6967b, deletion: false
2022/09/08 12:07:44 cfg_metakv: metaKVCallback, path: /fts/cbgt/cfg/nodeDefs-wanted/1678dfae96c38e07dff43c49b9f6967b, key: nodeDefs-wanted/1678dfae96c38e07dff43c49b9f6967b, deletion: false
2022/09/08 12:07:44 cfg_metakv: metaKVCallback, path: /fts/cbgt/cfg/version, key: version, deletion: false
2022-09-08T12:07:44.404+00:00 [INFO] Current nofiles rlimit: 1048576 (max: 1048576)
2022-09-08T12:07:44.406+00:00 [INFO] Initialization of cbauth succeeded
2022-09-08T12:07:44.595+00:00 [Info] Recieve security change notification. encryption=false
2022-09-08T12:07:44.595+00:00 [Warn] certifcate location is missing.  Cannot refresh certifcate
2022-09-08T12:07:44.595+00:00 [INFO] New store created with url http://127.0.0.1:8091
2022-09-08T12:07:44.630+00:00 [INFO] keyspace N1QL_SYSTEM_BUCKET not found No bucket named N1QL_SYSTEM_BUCKET
2022-09-08T12:07:44.641+00:00 [INFO] Retrying bucket N1QL_SYSTEM_BUCKET
2022-09-08T12:07:44.646+00:00 [WARN] Changing GC percent from 0 to 200
2022-09-08T12:07:44.648+00:00 [INFO] New settings received: {"timeout":0,"numatrs":1024,"n1ql-feat-ctrl":76,"max-parallelism":1,"query.settings.curl_whitelist":{"all_access":false,"allowed_urls":[],"disallowed_urls":[]},"query.settings.tmp_space_dir":"/opt/couchbase/var/lib/couchbase/tmp","completed-limit":4000,"pipeline-batch":16,"prepared-limit":16384,"pipeline-cap":512,"memory-quota":0,"cleanupwindow":"60s","use-cbo":true,"scan-cap":512,"query.settings.tmp_space_size":5120,"completed-threshold":1000,"loglevel":"info","cleanuplostattempts":true,"cleanupclientattempts":true,"txtimeout":"0ms"}
2022-09-08T12:07:44.648+00:00 [INFO] Settings notifier from metakv
2022-09-08T12:07:44.648+00:00 [INFO] New Value for curl allowedlist <ud>map[all_access:false allowed_urls:[] disallowed_urls:[]]</ud>
2022-09-08T12:07:44.663+00:00 [INFO] GSI indexer settings have been updated map[query_tmpspace_dir:/opt/couchbase/var/lib/couchbase/tmp query_tmpspace_limit:5120]
2022-09-08T12:07:44.663+00:00 [Info] GSIC - Setting config map[query_tmpspace_dir:/opt/couchbase/var/lib/couchbase/tmp query_tmpspace_limit:5120]
2022-09-08T12:07:44.670+00:00 [AUDIT] audit: created new audit service
2022-09-08T12:07:44.678+00:00 [INFO] cbq-engine started version=7.1.1-N1QL datastore=http://127.0.0.1:8091 max-concurrency=8 loglevel=INFO servicers=32 plus-servicers=128 scan-cap=512 pipeline-cap=512 pipeline-batch=16 request-cap=256 request-size-cap=67108864 max-index-api=4 max-parallelism=1 n1ql-feat-ctrl=76 use-cbo=true timeout=0s txtimeout=0s gc-percent=200
2022-09-08T12:07:44.679+00:00 [INFO] Starting audit worker 1
2022-09-08T12:07:44.679+00:00 [INFO] Starting audit worker 2
2022-09-08T12:07:44.679+00:00 [INFO] Starting audit worker 6
2022-09-08T12:07:44.679+00:00 [INFO] Starting audit worker 5
2022-09-08T12:07:44.679+00:00 [INFO] Starting audit worker 7
2022-09-08T12:07:44.679+00:00 [INFO] Starting audit worker 3
2022-09-08T12:07:44.679+00:00 [INFO] Starting audit worker 8
2022-09-08T12:07:44.679+00:00 [INFO] Starting audit worker 4
2022-09-08T12:07:44.679+00:00 [INFO] Starting audit settings worker 1.
2022-09-08T12:07:44.705+00:00 [INFO] n1fty indexer settings have been updated map[query_tmpspace_dir:/opt/couchbase/var/lib/couchbase/tmp query_tmpspace_limit:5120]
2022-09-08T12:07:44.705+00:00 [INFO] Query Configuration changed for txtimeout. New value is 0ms
2022-09-08T12:07:44.705+00:00 [INFO] Query Configuration changed for scan-cap. New value is 512
2022-09-08T12:07:44.705+00:00 [INFO] Query Configuration changed for pipeline-batch. New value is 16
2022-09-08T12:07:44.705+00:00 [INFO] Query Configuration changed for memory-quota. New value is 0
2022-09-08T12:07:44.705+00:00 [INFO] Query Configuration changed for n1ql-feat-ctrl. New value is 76
2022-09-08T12:07:44.705+00:00 [INFO] Query Configuration changed for cleanupclientattempts. New value is true
2022-09-08T12:07:44.705+00:00 [INFO] Query Configuration changed for timeout. New value is 0
2022-09-08T12:07:44.705+00:00 [INFO] Query Configuration changed for completed-threshold. New value is 1000
2022-09-08T12:07:44.705+00:00 [INFO] Query Configuration changed for loglevel. New value is info
2022-09-08T12:07:44.705+00:00 [INFO] Query Configuration changed for pipeline-cap. New value is 512
2022-09-08T12:07:44.705+00:00 [INFO] Query Configuration changed for prepared-limit. New value is 16384
2022-09-08T12:07:44.705+00:00 [INFO] Query Configuration changed for numatrs. New value is 1024
2022-09-08T12:07:44.705+00:00 [INFO] Query Configuration changed for use-cbo. New value is true
2022-09-08T12:07:44.705+00:00 [INFO] Query Configuration changed for completed-limit. New value is 4000
2022-09-08T12:07:44.705+00:00 [INFO] Query Configuration changed for max-parallelism. New value is 1
2022-09-08T12:07:44.705+00:00 [INFO] Query Configuration changed for cleanupwindow. New value is 60s
2022-09-08T12:07:44.705+00:00 [INFO] Query Configuration changed for cleanuplostattempts. New value is true
2022-09-08T12:07:44.773+00:00 [INFO] jsevaluator: 2022-09-08T12:07:44.773+00:00 [Info] Attempting to start UDF Query Server on port 33757 Addr: 127.0.0.1:33757
2022-09-08T12:07:45.680+00:00 [INFO] Starting audit update stream
2022-09-08T12:07:45.903+00:00 [INFO] HttpEndpoint: Listen Address - [::]:8093
2022-09-08T12:07:45.903+00:00 [INFO] HttpEndpoint: Listen Address - 0.0.0.0:8093
2022-09-08T12:07:45.903+00:00 [INFO] Certificates have been refreshed by ns server
2022-09-08T12:07:45.926+00:00 [INFO] HttpEndpoint: ListenTLS Address - [::]:18093
2022-09-08T12:07:45.926+00:00 [INFO] HttpEndpoint: ListenTLS Address - 0.0.0.0:18093
2022-09-08T12:07:45.927+00:00 [INFO] Updating node-to-node encryption level: {EncryptData:false DisableNonSSLPorts:false}
2022-09-08T12:07:45.927+00:00 [Info] Recieve security change notification. encryption=false
2022-09-08T12:07:45.958+00:00 [Info] Certificate refreshed successfully with certFile /opt/couchbase/var/lib/couchbase/config/certs/chain.pem, keyFile /opt/couchbase/var/lib/couchbase/config/certs/pkey.pem, caFile /opt/couchbase/var/lib/couchbase/config/certs/ca.pem
2022-09-08T12:07:46.053+00:00 [INFO] Initial topology: 1678dfae96c38e07dff43c49b9f6967b[127.0.0.1:8091]
2022-09-08T12:09:48.130+00:00 [INFO] Loaded manifest for bucket todo id 0
2022-09-08T12:09:48.130+00:00 [INFO] Loaded New Bucket todo
2022-09-08T12:09:48.130+00:00 [INFO] Bucket updater: Trying with http://127.0.0.1:8091/pools/default/bucketsStreaming/todo
2022-09-08T12:09:48.144+00:00 [Info] creating GsiClient for 127.0.0.1:8091
2022-09-08T12:09:48.144+00:00 [Info] Recieve security change notification. encryption=false
2022-09-08T12:09:48.155+00:00 [Info] Certificate refreshed successfully with certFile /opt/couchbase/var/lib/couchbase/config/certs/chain.pem, keyFile /opt/couchbase/var/lib/couchbase/config/certs/pkey.pem, caFile /opt/couchbase/var/lib/couchbase/config/certs/ca.pem
2022-09-08T12:09:48.156+00:00 [Info] InitSystemEventLogger: Started SystemEventLogger
2022-09-08T12:09:48.160+00:00 [Info] New settings received: 
{"indexer.plasma.backIndex.enableInMemoryCompression":true,"indexer.plasma.backIndex.enablePageBloomFilter":false,"indexer.plasma.mainIndex.enableInMemoryCompression":true,"indexer.settings.allow_large_keys":true,"indexer.settings.bufferPoolBlockSize":16384,"indexer.settings.build.batch_size":5,"indexer.settings.compaction.abort_exceed_interval":false,"indexer.settings.compaction.check_period":30,"indexer.settings.compaction.compaction_mode":"circular","indexer.settings.compaction.days_of_week":"Sunday,Monday,Tuesday,Wednesday,Thursday,Friday,Saturday","indexer.settings.compaction.interval":"00:00,00:00","indexer.settings.compaction.min_frag":30,"indexer.settings.compaction.min_size":524288000,"indexer.settings.compaction.plasma.manual":false,"indexer.settings.compaction.plasma.optional.decrement":5,"indexer.settings.compaction.plasma.optional.min_frag":20,"indexer.settings.compaction.plasma.optional.quota":25,"indexer.settings.corrupt_index_num_backups":1,"indexer.settings.cpuProfDir":"","indexer.settings.cpuProfile":false,"indexer.settings.eTagPeriod":240,"indexer.settings.enable_corrupt_index_backup":false,"indexer.settings.enable_page_bloom_filter":false,"indexer.settings.fast_flush_mode":true,"indexer.settings.gc_percent":100,"indexer.settings.inmemory_snapshot.fdb.interval":200,"indexer.settings.inmemory_snapshot.interval":200,"indexer.settings.inmemory_snapshot.moi.interval":10,"indexer.settings.largeSnapshotThreshold":200,"indexer.settings.log_level":"info","indexer.settings.maxVbQueueLength":0,"indexer.settings.max_array_seckey_size":10240,"indexer.settings.max_cpu_percent":0,"indexer.settings.max_seckey_size":4608,"indexer.settings.max_writer_lock_prob":20,"indexer.settings.memProfDir":"","indexer.settings.memProfile":false,"indexer.settings.memory_quota":1143996416,"indexer.settings.minVbQueueLength":250,"indexer.settings.moi.debug":false,"indexer.settings.moi.persistence_threads":4,"indexer.settings.moi.recovery.max_rollbacks":2,"indexer.settings.moi.recovery_threads":8,"indexer.settings.num_replica":0,"indexer.settings.persisted_snapshot.fdb.interval":5000,"indexer.settings.persisted_snapshot.interval":5000,"indexer.settings.persisted_snapshot.moi.interval":600000,"indexer.settings.persisted_snapshot_init_build.fdb.interval":5000,"indexer.settings.persisted_snapshot_init_build.interval":5000,"indexer.settings.persisted_snapshot_init_build.moi.interval":600000,"indexer.settings.plasma.recovery.max_rollbacks":2,"indexer.settings.rebalance.redistribute_indexes":false,"indexer.settings.recovery.max_rollbacks":2,"indexer.settings.scan_getseqnos_retries":30,"indexer.settings.scan_timeout":120000,"indexer.settings.send_buffer_size":1024,"indexer.settings.sliceBufSize":1600,"indexer.settings.smallSnapshotThreshold":30,"indexer.settings.snapshotListeners":4,"indexer.settings.snapshotRequestWorkers":4,"indexer.settings.statsLogDumpInterval":60,"indexer.settings.storage_mode":"plasma","indexer.settings.storage_mode.disable_upgrade":false,"indexer.settings.wal_size":4096,"projector.settings.log_level":"info","queryport.client.settings.backfillLimit":5120,"queryport.client.settings.minPoolSizeWM":1000,"queryport.client.settings.poolOverflow":30,"queryport.client.settings.poolSize":5000,"queryport.client.settings.relConnBatchSize":100}
2022-09-08T12:09:48.170+00:00 [Info] security context initialized
2022-09-08T12:09:48.170+00:00 [Info] security port mapping updated : map[11210:11207 8091:18091 8093:18093 9100:9100 9101:9101 9102:19102 9103:9103 9104:9104 9105:9105 9999:9999]
2022-09-08T12:09:48.174+00:00 [Info] Terminating WatchClusterVersionChanges: Cluster version is >= 6
2022-09-08T12:09:48.174+00:00 [Info] MetadataProvider.SetClusterStatus(): healthy nodes 1 failed node 0 unhealthy node 0 add node 0
2022-09-08T12:09:48.174+00:00 [Info] Refreshing indexer list due to cluster changes or auto-refresh.
2022-09-08T12:09:48.174+00:00 [Info] Refreshed Indexer List: [127.0.0.1:9100]
2022-09-08T12:09:48.174+00:00 [Info] MetadataProvider.WatchMetadata(): indexer 127.0.0.1:9100
2022-09-08T12:09:48.178+00:00 [Info] internalVersionMonitor:ticker starting ...
2022-09-08T12:09:48.178+00:00 [Info] internalVersionMonitor:monitor starting. Term versions (6:7.0.4)
2022-09-08T12:09:48.179+00:00 [Info] internalVersionMonitor:notifier starting ...
2022-09-08T12:09:48.180+00:00 [Info] internalVersionMonitor:monitor terminate. Cluster version reached 6
2022-09-08T12:09:48.180+00:00 [Info] internalVersionMonitor:ticker stopping ...
2022-09-08T12:09:48.181+00:00 [Info] watcher:ClientAuth successful for 127.0.0.1:9100
2022-09-08T12:09:48.188+00:00 [Info] WatchMetadata(): successfully reach indexer at 127.0.0.1:9100.
2022-09-08T12:09:48.189+00:00 [Info] MetadataProvider: Updating indexer version to 6
2022-09-08T12:09:48.189+00:00 [Info] initialized currmeta 3 force true 
2022-09-08T12:09:48.189+00:00 [Info] serviceChangeNotifier: Creating new notifier instance for http://%40cbq-engine@127.0.0.1:8091, default
2022-09-08T12:09:48.191+00:00 [Info] serviceChangeNotifier: received ServiceChangeNotification
2022-09-08T12:09:48.192+00:00 [Info] serviceChangeNotifier: Starting to monitor the bucket streaming endpoint for bucket: todo
2022-09-08T12:09:48.192+00:00 [Info] serviceChangeNotifier: received PoolChangeNotification
2022-09-08T12:09:48.192+00:00 [Info] [Queryport-connpool:127.0.0.1:9101] started poolsize 5000 overflow 30 low WM 1000 relConn batch size 100 ...
2022-09-08T12:09:48.192+00:00 [Info] [GsiScanClient:"127.0.0.1:9101"] started ...
2022-09-08T12:09:48.193+00:00 [Info] Refreshing indexer list due to cluster changes or auto-refresh.
2022-09-08T12:09:48.193+00:00 [Info] Refreshed Indexer List: [127.0.0.1:9100]
2022-09-08T12:09:48.193+00:00 [Info] [Queryport-connpool:127.0.0.1:9101] open new connection ...
2022-09-08T12:09:48.194+00:00 [Info] switched currmeta from 3 -> 3 force true 
2022-09-08T12:09:48.196+00:00 [Info] GsiClient::UpdateUsecjson: using collatejson as data format between indexer and GsiClient
2022-09-08T12:09:48.196+00:00 [Info] GsiClient::UpdateUsecjson: using collatejson as data format between indexer and GsiClient
2022-09-08T12:09:48.196+00:00 [Info] Refreshing indexer list due to cluster changes or auto-refresh.
2022-09-08T12:09:48.196+00:00 [Info] Refreshed Indexer List: [127.0.0.1:9100]
2022-09-08T12:09:48.196+00:00 [Info] GSIC[default/todo-_default-_default-1662638988131826971] started ...
2022-09-08T12:09:48.196+00:00 [Info] Recieve security change notification. encryption=false
2022-09-08T12:09:48.197+00:00 [Info] switched currmeta from 3 -> 3 force true 
2022-09-08T12:09:48.206+00:00 [Info] Certificate refreshed successfully with certFile /opt/couchbase/var/lib/couchbase/config/certs/chain.pem, keyFile /opt/couchbase/var/lib/couchbase/config/certs/pkey.pem, caFile /opt/couchbase/var/lib/couchbase/config/certs/ca.pem
2022-09-08T12:09:48.206+00:00 [INFO] n1fty: NewFTSIndexer, server: http://127.0.0.1:8091, namespace: default, keyspace: todo
2022-09-08T12:09:48.217+00:00 [Info] GsiClient::UpdateUsecjson: using collatejson as data format between indexer and GsiClient
2022-09-08T12:09:51.147+00:00 [Info] Rollback time has changed for index inst 9558164403522159809. New rollback time 1662638865135386199
2022-09-08T12:10:48.189+00:00 [Info] connected with 1 indexers
2022-09-08T12:10:48.190+00:00 [Info] client stats current counts: current: 1, not current: 0
2022-09-08T12:10:48.197+00:00 [Info] num concurrent scans {0}
2022-09-08T12:10:48.197+00:00 [Info] average scan response {1 ms}
2022-09-08T12:10:48.197+00:00 [Info] GSIC[default/todo-_default-_default-1662638988131826971] logstats "todo" {"gsi_scan_count":3,"gsi_scan_duration":5946944,"gsi_throttle_duration":0,"gsi_prime_duration":5331305,"gsi_blocked_duration":0,"gsi_total_temp_files":0,"gsi_backfill_size":0}
2022-09-08T12:10:48.538+00:00 [Info] [Queryport-connpool:127.0.0.1:9101] active conns 0, free conns 1
2022-09-08T12:11:48.190+00:00 [Info] connected with 1 indexers
2022-09-08T12:11:48.190+00:00 [Info] client stats current counts: current: 1, not current: 0
2022-09-08T12:11:48.196+00:00 [Info] num concurrent scans {0}
2022-09-08T12:11:48.196+00:00 [Info] average scan response {0 ms}
2022-09-08T12:11:48.197+00:00 [Info] GSIC[default/todo-_default-_default-1662638988131826971] logstats "todo" {"gsi_scan_count":6,"gsi_scan_duration":9242277,"gsi_throttle_duration":0,"gsi_prime_duration":8178800,"gsi_blocked_duration":0,"gsi_total_temp_files":0,"gsi_backfill_size":0}
2022-09-08T12:11:48.576+00:00 [Info] [Queryport-connpool:127.0.0.1:9101] active conns 0, free conns 1
2022-09-08T12:12:48.190+00:00 [Info] connected with 1 indexers
2022-09-08T12:12:48.190+00:00 [Info] client stats current counts: current: 1, not current: 0
2022-09-08T12:12:48.197+00:00 [Info] GSIC[default/todo-_default-_default-1662638988131826971] logstats "todo" {"gsi_scan_count":7,"gsi_scan_duration":10027355,"gsi_throttle_duration":0,"gsi_prime_duration":8856717,"gsi_blocked_duration":0,"gsi_total_temp_files":0,"gsi_backfill_size":0}
2022-09-08T12:12:48.197+00:00 [Info] num concurrent scans {0}
2022-09-08T12:12:48.197+00:00 [Info] average scan response {0 ms}
2022-09-08T12:12:48.615+00:00 [Info] [Queryport-connpool:127.0.0.1:9101] active conns 0, free conns 1
2022-09-08T12:13:48.190+00:00 [Info] connected with 1 indexers
2022-09-08T12:13:48.190+00:00 [Info] client stats current counts: current: 1, not current: 0
2022-09-08T12:13:48.197+00:00 [Info] num concurrent scans {0}
2022-09-08T12:13:48.197+00:00 [Info] average scan response {0 ms}
2022-09-08T12:13:48.653+00:00 [Info] [Queryport-connpool:127.0.0.1:9101] active conns 0, free conns 1
2022-09-08T12:14:48.189+00:00 [Info] connected with 1 indexers
2022-09-08T12:14:48.189+00:00 [Info] client stats current counts: current: 1, not current: 0
2022-09-08T12:14:48.196+00:00 [Info] num concurrent scans {0}
2022-09-08T12:14:48.196+00:00 [Info] average scan response {0 ms}
2022-09-08T12:14:48.693+00:00 [Info] [Queryport-connpool:127.0.0.1:9101] active conns 0, free conns 1
2022-09-08T12:15:48.190+00:00 [Info] connected with 1 indexers
2022-09-08T12:15:48.190+00:00 [Info] client stats current counts: current: 1, not current: 0
2022-09-08T12:15:48.196+00:00 [Info] num concurrent scans {0}
2022-09-08T12:15:48.196+00:00 [Info] average scan response {0 ms}
2022-09-08T12:15:48.196+00:00 [Info] GSIC[default/todo-_default-_default-1662638988131826971] logstats "todo" {"gsi_scan_count":19,"gsi_scan_duration":67274086,"gsi_throttle_duration":0,"gsi_prime_duration":65046895,"gsi_blocked_duration":0,"gsi_total_temp_files":0,"gsi_backfill_size":0}
2022-09-08T12:15:48.733+00:00 [Info] [Queryport-connpool:127.0.0.1:9101] active conns 0, free conns 1
2022-09-08T12:16:48.190+00:00 [Info] connected with 1 indexers
2022-09-08T12:16:48.190+00:00 [Info] client stats current counts: current: 1, not current: 0
2022-09-08T12:16:48.196+00:00 [Info] num concurrent scans {0}
2022-09-08T12:16:48.196+00:00 [Info] average scan response {0 ms}
2022-09-08T12:16:48.196+00:00 [Info] GSIC[default/todo-_default-_default-1662638988131826971] logstats "todo" {"gsi_scan_count":27,"gsi_scan_duration":71776567,"gsi_throttle_duration":0,"gsi_prime_duration":69007195,"gsi_blocked_duration":0,"gsi_total_temp_files":0,"gsi_backfill_size":0}
2022-09-08T12:16:48.774+00:00 [Info] [Queryport-connpool:127.0.0.1:9101] active conns 0, free conns 1
2022-09-08T12:17:48.189+00:00 [Info] connected with 1 indexers
2022-09-08T12:17:48.189+00:00 [Info] client stats current counts: current: 1, not current: 0
2022-09-08T12:17:48.197+00:00 [Info] num concurrent scans {0}
2022-09-08T12:17:48.197+00:00 [Info] average scan response {0 ms}
2022-09-08T12:17:48.820+00:00 [Info] [Queryport-connpool:127.0.0.1:9101] active conns 0, free conns 1
2022-09-08T12:18:48.190+00:00 [Info] connected with 1 indexers
2022-09-08T12:18:48.190+00:00 [Info] client stats current counts: current: 1, not current: 0
2022-09-08T12:18:48.197+00:00 [Info] num concurrent scans {0}
2022-09-08T12:18:48.197+00:00 [Info] average scan response {0 ms}
2022-09-08T12:18:48.859+00:00 [Info] [Queryport-connpool:127.0.0.1:9101] active conns 0, free conns 1
2022-09-08T12:19:48.190+00:00 [Info] connected with 1 indexers
2022-09-08T12:19:48.190+00:00 [Info] client stats current counts: current: 1, not current: 0
2022-09-08T12:19:48.197+00:00 [Info] num concurrent scans {0}
2022-09-08T12:19:48.197+00:00 [Info] average scan response {0 ms}
2022-09-08T12:19:48.900+00:00 [Info] [Queryport-connpool:127.0.0.1:9101] active conns 0, free conns 1
2022-09-08T12:20:48.189+00:00 [Info] connected with 1 indexers
2022-09-08T12:20:48.190+00:00 [Info] client stats current counts: current: 1, not current: 0
2022-09-08T12:20:48.197+00:00 [Info] num concurrent scans {0}
2022-09-08T12:20:48.197+00:00 [Info] average scan response {0 ms}
2022-09-08T12:20:48.940+00:00 [Info] [Queryport-connpool:127.0.0.1:9101] active conns 0, free conns 1
2022-09-08T12:21:48.190+00:00 [Info] connected with 1 indexers
2022-09-08T12:21:48.190+00:00 [Info] client stats current counts: current: 1, not current: 0
2022-09-08T12:21:48.196+00:00 [Info] num concurrent scans {0}
2022-09-08T12:21:48.196+00:00 [Info] average scan response {0 ms}
2022-09-08T12:21:48.983+00:00 [Info] [Queryport-connpool:127.0.0.1:9101] active conns 0, free conns 1
2022-09-08T12:22:48.189+00:00 [Info] connected with 1 indexers
2022-09-08T12:22:48.190+00:00 [Info] client stats current counts: current: 1, not current: 0
2022-09-08T12:22:48.197+00:00 [Info] num concurrent scans {0}
2022-09-08T12:22:48.197+00:00 [Info] average scan response {0 ms}
2022-09-08T12:22:49.023+00:00 [Info] [Queryport-connpool:127.0.0.1:9101] active conns 0, free conns 1
2022-09-08T12:23:48.190+00:00 [Info] connected with 1 indexers
2022-09-08T12:23:48.191+00:00 [Info] client stats current counts: current: 1, not current: 0
2022-09-08T12:23:48.197+00:00 [Info] num concurrent scans {0}
2022-09-08T12:23:48.197+00:00 [Info] average scan response {0 ms}
2022-09-08T12:23:49.064+00:00 [Info] [Queryport-connpool:127.0.0.1:9101] active conns 0, free conns 1
2022-09-08T12:24:48.189+00:00 [Info] connected with 1 indexers
2022-09-08T12:24:48.189+00:00 [Info] client stats current counts: current: 1, not current: 0
2022-09-08T12:24:48.197+00:00 [Info] num concurrent scans {0}
2022-09-08T12:24:48.197+00:00 [Info] average scan response {0 ms}
2022-09-08T12:24:49.103+00:00 [Info] [Queryport-connpool:127.0.0.1:9101] active conns 0, free conns 1
2022-09-08T12:25:48.190+00:00 [Info] connected with 1 indexers
2022-09-08T12:25:48.190+00:00 [Info] client stats current counts: current: 1, not current: 0
2022-09-08T12:25:48.197+00:00 [Info] num concurrent scans {0}
2022-09-08T12:25:48.197+00:00 [Info] average scan response {0 ms}
2022-09-08T12:25:49.146+00:00 [Info] [Queryport-connpool:127.0.0.1:9101] active conns 0, free conns 1
2022-09-08T12:26:48.190+00:00 [Info] connected with 1 indexers
2022-09-08T12:26:48.190+00:00 [Info] client stats current counts: current: 1, not current: 0
2022-09-08T12:26:48.197+00:00 [Info] num concurrent scans {0}
2022-09-08T12:26:48.197+00:00 [Info] average scan response {0 ms}
2022-09-08T12:26:49.189+00:00 [Info] [Queryport-connpool:127.0.0.1:9101] active conns 0, free conns 1
2022-09-08T12:27:48.189+00:00 [Info] connected with 1 indexers
2022-09-08T12:27:48.189+00:00 [Info] client stats current counts: current: 1, not current: 0
2022-09-08T12:27:48.197+00:00 [Info] num concurrent scans {0}
2022-09-08T12:27:48.197+00:00 [Info] average scan response {0 ms}
2022-09-08T12:27:49.226+00:00 [Info] [Queryport-connpool:127.0.0.1:9101] active conns 0, free conns 1
2022-09-08T12:28:48.189+00:00 [Info] connected with 1 indexers
2022-09-08T12:28:48.189+00:00 [Info] client stats current counts: current: 1, not current: 0
2022-09-08T12:28:48.196+00:00 [Info] num concurrent scans {0}
2022-09-08T12:28:48.196+00:00 [Info] average scan response {0 ms}
2022-09-08T12:28:49.266+00:00 [Info] [Queryport-connpool:127.0.0.1:9101] active conns 0, free conns 1
2022-09-08T12:29:48.190+00:00 [Info] connected with 1 indexers
2022-09-08T12:29:48.190+00:00 [Info] client stats current counts: current: 1, not current: 0
2022-09-08T12:29:48.197+00:00 [Info] num concurrent scans {0}
2022-09-08T12:29:48.197+00:00 [Info] average scan response {0 ms}
2022-09-08T12:29:49.313+00:00 [Info] [Queryport-connpool:127.0.0.1:9101] active conns 0, free conns 1
2022-09-08T12:30:48.190+00:00 [Info] connected with 1 indexers
2022-09-08T12:30:48.190+00:00 [Info] client stats current counts: current: 1, not current: 0
2022-09-08T12:30:48.196+00:00 [Info] num concurrent scans {0}
2022-09-08T12:30:48.197+00:00 [Info] average scan response {0 ms}
2022-09-08T12:30:49.354+00:00 [Info] [Queryport-connpool:127.0.0.1:9101] active conns 0, free conns 1
2022-09-08T12:31:48.190+00:00 [Info] connected with 1 indexers
2022-09-08T12:31:48.190+00:00 [Info] client stats current counts: current: 1, not current: 0
2022-09-08T12:31:48.196+00:00 [Info] num concurrent scans {0}
2022-09-08T12:31:48.197+00:00 [Info] average scan response {0 ms}
2022-09-08T12:31:49.392+00:00 [Info] [Queryport-connpool:127.0.0.1:9101] active conns 0, free conns 1
2022-09-08T12:32:48.190+00:00 [Info] connected with 1 indexers
2022-09-08T12:32:48.190+00:00 [Info] client stats current counts: current: 1, not current: 0
2022-09-08T12:32:48.196+00:00 [Info] num concurrent scans {0}
2022-09-08T12:32:48.196+00:00 [Info] average scan response {0 ms}
2022-09-08T12:32:49.430+00:00 [Info] [Queryport-connpool:127.0.0.1:9101] active conns 0, free conns 1
2022-09-08T12:33:48.190+00:00 [Info] connected with 1 indexers
2022-09-08T12:33:48.190+00:00 [Info] client stats current counts: current: 1, not current: 0
2022-09-08T12:33:48.197+00:00 [Info] num concurrent scans {0}
2022-09-08T12:33:48.197+00:00 [Info] average scan response {0 ms}
2022-09-08T12:33:49.473+00:00 [Info] [Queryport-connpool:127.0.0.1:9101] active conns 0, free conns 1
2022-09-08T12:34:48.190+00:00 [Info] connected with 1 indexers
2022-09-08T12:34:48.190+00:00 [Info] client stats current counts: current: 1, not current: 0
2022-09-08T12:34:48.197+00:00 [Info] num concurrent scans {0}
2022-09-08T12:34:48.197+00:00 [Info] average scan response {0 ms}
2022-09-08T12:34:49.515+00:00 [Info] [Queryport-connpool:127.0.0.1:9101] active conns 0, free conns 1
2022-09-08T12:35:48.190+00:00 [Info] connected with 1 indexers
2022-09-08T12:35:48.190+00:00 [Info] client stats current counts: current: 1, not current: 0
2022-09-08T12:35:48.196+00:00 [Info] num concurrent scans {0}
2022-09-08T12:35:48.196+00:00 [Info] average scan response {0 ms}
2022-09-08T12:35:49.558+00:00 [Info] [Queryport-connpool:127.0.0.1:9101] active conns 0, free conns 1
2022-09-08T12:36:48.190+00:00 [Info] connected with 1 indexers
2022-09-08T12:36:48.190+00:00 [Info] client stats current counts: current: 1, not current: 0
2022-09-08T12:36:48.196+00:00 [Info] num concurrent scans {0}
2022-09-08T12:36:48.196+00:00 [Info] average scan response {0 ms}
2022-09-08T12:36:49.601+00:00 [Info] [Queryport-connpool:127.0.0.1:9101] active conns 0, free conns 1
2022-09-08T12:37:48.190+00:00 [Info] connected with 1 indexers
2022-09-08T12:37:48.190+00:00 [Info] client stats current counts: current: 1, not current: 0
2022-09-08T12:37:48.197+00:00 [Info] num concurrent scans {0}
2022-09-08T12:37:48.197+00:00 [Info] average scan response {0 ms}
2022-09-08T12:37:49.647+00:00 [Info] [Queryport-connpool:127.0.0.1:9101] active conns 0, free conns 1
2022-09-08T12:38:48.190+00:00 [Info] connected with 1 indexers
2022-09-08T12:38:48.190+00:00 [Info] client stats current counts: current: 1, not current: 0
2022-09-08T12:38:48.197+00:00 [Info] num concurrent scans {0}
2022-09-08T12:38:48.197+00:00 [Info] average scan response {0 ms}
2022-09-08T12:38:49.692+00:00 [Info] [Queryport-connpool:127.0.0.1:9101] active conns 0, free conns 1
2022-09-08T12:39:48.190+00:00 [Info] connected with 1 indexers
2022-09-08T12:39:48.190+00:00 [Info] client stats current counts: current: 1, not current: 0
2022-09-08T12:39:48.197+00:00 [Info] num concurrent scans {0}
2022-09-08T12:39:48.197+00:00 [Info] average scan response {0 ms}
2022-09-08T12:39:49.736+00:00 [Info] [Queryport-connpool:127.0.0.1:9101] active conns 0, free conns 1
2022-09-08T12:40:48.190+00:00 [Info] connected with 1 indexers
2022-09-08T12:40:48.190+00:00 [Info] client stats current counts: current: 1, not current: 0
2022-09-08T12:40:48.196+00:00 [Info] num concurrent scans {0}
2022-09-08T12:40:48.196+00:00 [Info] average scan response {0 ms}
2022-09-08T12:40:49.775+00:00 [Info] [Queryport-connpool:127.0.0.1:9101] active conns 0, free conns 1
2022-09-08T12:41:48.189+00:00 [Info] connected with 1 indexers
2022-09-08T12:41:48.190+00:00 [Info] client stats current counts: current: 1, not current: 0
2022-09-08T12:41:48.197+00:00 [Info] num concurrent scans {0}
2022-09-08T12:41:48.197+00:00 [Info] average scan response {0 ms}
2022-09-08T12:41:49.816+00:00 [Info] [Queryport-connpool:127.0.0.1:9101] active conns 0, free conns 1
2022-09-08T12:42:48.190+00:00 [Info] connected with 1 indexers
2022-09-08T12:42:48.190+00:00 [Info] client stats current counts: current: 1, not current: 0
2022-09-08T12:42:48.197+00:00 [Info] num concurrent scans {0}
2022-09-08T12:42:48.197+00:00 [Info] average scan response {0 ms}
2022-09-08T12:42:49.859+00:00 [Info] [Queryport-connpool:127.0.0.1:9101] active conns 0, free conns 1
2022-09-08T12:43:48.189+00:00 [Info] connected with 1 indexers
2022-09-08T12:43:48.189+00:00 [Info] client stats current counts: current: 1, not current: 0
2022-09-08T12:43:48.196+00:00 [Info] num concurrent scans {0}
2022-09-08T12:43:48.197+00:00 [Info] average scan response {0 ms}
2022-09-08T12:43:49.896+00:00 [Info] [Queryport-connpool:127.0.0.1:9101] active conns 0, free conns 1
2022-09-08T12:44:48.190+00:00 [Info] connected with 1 indexers
2022-09-08T12:44:48.190+00:00 [Info] client stats current counts: current: 1, not current: 0
2022-09-08T12:44:48.196+00:00 [Info] num concurrent scans {0}
2022-09-08T12:44:48.196+00:00 [Info] average scan response {0 ms}
2022-09-08T12:44:49.939+00:00 [Info] [Queryport-connpool:127.0.0.1:9101] active conns 0, free conns 1
2022-09-08T12:45:48.190+00:00 [Info] connected with 1 indexers
2022-09-08T12:45:48.190+00:00 [Info] client stats current counts: current: 1, not current: 0
2022-09-08T12:45:48.197+00:00 [Info] num concurrent scans {0}
2022-09-08T12:45:48.197+00:00 [Info] average scan response {0 ms}
2022-09-08T12:45:49.980+00:00 [Info] [Queryport-connpool:127.0.0.1:9101] active conns 0, free conns 1
2022-09-08T12:46:48.190+00:00 [Info] connected with 1 indexers
2022-09-08T12:46:48.190+00:00 [Info] client stats current counts: current: 1, not current: 0
2022-09-08T12:46:48.197+00:00 [Info] num concurrent scans {0}
2022-09-08T12:46:48.197+00:00 [Info] average scan response {0 ms}
2022-09-08T12:46:50.021+00:00 [Info] [Queryport-connpool:127.0.0.1:9101] active conns 0, free conns 1
2022-09-08T12:47:48.190+00:00 [Info] connected with 1 indexers
2022-09-08T12:47:48.190+00:00 [Info] client stats current counts: current: 1, not current: 0
2022-09-08T12:47:48.197+00:00 [Info] num concurrent scans {0}
2022-09-08T12:47:48.197+00:00 [Info] average scan response {0 ms}
2022-09-08T12:47:50.062+00:00 [Info] [Queryport-connpool:127.0.0.1:9101] active conns 0, free conns 1
2022-09-08T12:48:48.189+00:00 [Info] connected with 1 indexers
2022-09-08T12:48:48.189+00:00 [Info] client stats current counts: current: 1, not current: 0
2022-09-08T12:48:48.197+00:00 [Info] num concurrent scans {0}
2022-09-08T12:48:48.197+00:00 [Info] average scan response {0 ms}
2022-09-08T12:48:50.103+00:00 [Info] [Queryport-connpool:127.0.0.1:9101] active conns 0, free conns 1
2022-09-08T12:49:48.190+00:00 [Info] connected with 1 indexers
2022-09-08T12:49:48.190+00:00 [Info] client stats current counts: current: 1, not current: 0
2022-09-08T12:49:48.197+00:00 [Info] num concurrent scans {0}
2022-09-08T12:49:48.197+00:00 [Info] average scan response {0 ms}
2022-09-08T12:49:50.150+00:00 [Info] [Queryport-connpool:127.0.0.1:9101] active conns 0, free conns 1
2022-09-08T12:50:48.190+00:00 [Info] connected with 1 indexers
2022-09-08T12:50:48.190+00:00 [Info] client stats current counts: current: 1, not current: 0
2022-09-08T12:50:48.197+00:00 [Info] num concurrent scans {0}
2022-09-08T12:50:48.197+00:00 [Info] average scan response {0 ms}
2022-09-08T12:50:50.188+00:00 [Info] [Queryport-connpool:127.0.0.1:9101] active conns 0, free conns 1
2022-09-08T12:51:48.189+00:00 [Info] connected with 1 indexers
2022-09-08T12:51:48.190+00:00 [Info] client stats current counts: current: 1, not current: 0
2022-09-08T12:51:48.197+00:00 [Info] num concurrent scans {0}
2022-09-08T12:51:48.197+00:00 [Info] average scan response {0 ms}
2022-09-08T12:51:50.227+00:00 [Info] [Queryport-connpool:127.0.0.1:9101] active conns 0, free conns 1
2022-09-08T12:52:48.190+00:00 [Info] connected with 1 indexers
2022-09-08T12:52:48.190+00:00 [Info] client stats current counts: current: 1, not current: 0
2022-09-08T12:52:48.196+00:00 [Info] num concurrent scans {0}
2022-09-08T12:52:48.196+00:00 [Info] average scan response {0 ms}
2022-09-08T12:52:50.272+00:00 [Info] [Queryport-connpool:127.0.0.1:9101] active conns 0, free conns 1
2022-09-08T12:53:48.189+00:00 [Info] connected with 1 indexers
2022-09-08T12:53:48.189+00:00 [Info] client stats current counts: current: 1, not current: 0
2022-09-08T12:53:48.197+00:00 [Info] num concurrent scans {0}
2022-09-08T12:53:48.197+00:00 [Info] average scan response {0 ms}
2022-09-08T12:53:50.314+00:00 [Info] [Queryport-connpool:127.0.0.1:9101] active conns 0, free conns 1
2022-09-08T12:54:48.190+00:00 [Info] connected with 1 indexers
2022-09-08T12:54:48.190+00:00 [Info] client stats current counts: current: 1, not current: 0
2022-09-08T12:54:48.197+00:00 [Info] num concurrent scans {0}
2022-09-08T12:54:48.197+00:00 [Info] average scan response {0 ms}
2022-09-08T12:54:50.356+00:00 [Info] [Queryport-connpool:127.0.0.1:9101] active conns 0, free conns 1
2022-09-08T12:55:48.190+00:00 [Info] connected with 1 indexers
2022-09-08T12:55:48.190+00:00 [Info] client stats current counts: current: 1, not current: 0
2022-09-08T12:55:48.196+00:00 [Info] num concurrent scans {0}
2022-09-08T12:55:48.196+00:00 [Info] average scan response {0 ms}
2022-09-08T12:55:50.396+00:00 [Info] [Queryport-connpool:127.0.0.1:9101] active conns 0, free conns 1
2022-09-08T12:56:48.190+00:00 [Info] connected with 1 indexers
2022-09-08T12:56:48.190+00:00 [Info] client stats current counts: current: 1, not current: 0
2022-09-08T12:56:48.197+00:00 [Info] num concurrent scans {0}
2022-09-08T12:56:48.197+00:00 [Info] average scan response {0 ms}
2022-09-08T12:56:50.436+00:00 [Info] [Queryport-connpool:127.0.0.1:9101] active conns 0, free conns 1
2022-09-08T12:57:48.189+00:00 [Info] connected with 1 indexers
2022-09-08T12:57:48.189+00:00 [Info] client stats current counts: current: 1, not current: 0
2022-09-08T12:57:48.197+00:00 [Info] num concurrent scans {0}
2022-09-08T12:57:48.197+00:00 [Info] average scan response {0 ms}
2022-09-08T12:57:50.474+00:00 [Info] [Queryport-connpool:127.0.0.1:9101] active conns 0, free conns 1
2022-09-08T12:58:48.189+00:00 [Info] connected with 1 indexers
2022-09-08T12:58:48.189+00:00 [Info] client stats current counts: current: 1, not current: 0
2022-09-08T12:58:48.197+00:00 [Info] num concurrent scans {0}
2022-09-08T12:58:48.197+00:00 [Info] average scan response {0 ms}
2022-09-08T12:58:50.515+00:00 [Info] [Queryport-connpool:127.0.0.1:9101] active conns 0, free conns 1
2022-09-08T12:59:48.190+00:00 [Info] connected with 1 indexers
2022-09-08T12:59:48.190+00:00 [Info] client stats current counts: current: 1, not current: 0
2022-09-08T12:59:48.197+00:00 [Info] num concurrent scans {0}
2022-09-08T12:59:48.197+00:00 [Info] average scan response {0 ms}
2022-09-08T12:59:50.560+00:00 [Info] [Queryport-connpool:127.0.0.1:9101] active conns 0, free conns 1
2022-09-08T13:00:48.190+00:00 [Info] connected with 1 indexers
2022-09-08T13:00:48.190+00:00 [Info] client stats current counts: current: 1, not current: 0
2022-09-08T13:00:48.197+00:00 [Info] num concurrent scans {0}
2022-09-08T13:00:48.197+00:00 [Info] average scan response {0 ms}
2022-09-08T13:00:50.601+00:00 [Info] [Queryport-connpool:127.0.0.1:9101] active conns 0, free conns 1
2022-09-08T13:01:48.190+00:00 [Info] connected with 1 indexers
2022-09-08T13:01:48.190+00:00 [Info] client stats current counts: current: 1, not current: 0
2022-09-08T13:01:48.197+00:00 [Info] num concurrent scans {0}
2022-09-08T13:01:48.197+00:00 [Info] average scan response {0 ms}
2022-09-08T13:01:50.643+00:00 [Info] [Queryport-connpool:127.0.0.1:9101] active conns 0, free conns 1
2022-09-08T13:02:48.190+00:00 [Info] connected with 1 indexers
2022-09-08T13:02:48.190+00:00 [Info] client stats current counts: current: 1, not current: 0
2022-09-08T13:02:48.197+00:00 [Info] num concurrent scans {0}
2022-09-08T13:02:48.197+00:00 [Info] average scan response {0 ms}
2022-09-08T13:02:50.689+00:00 [Info] [Queryport-connpool:127.0.0.1:9101] active conns 0, free conns 1
2022-09-08T13:03:48.189+00:00 [Info] connected with 1 indexers
2022-09-08T13:03:48.189+00:00 [Info] client stats current counts: current: 1, not current: 0
2022-09-08T13:03:48.196+00:00 [Info] num concurrent scans {0}
2022-09-08T13:03:48.196+00:00 [Info] average scan response {0 ms}
2022-09-08T13:03:50.728+00:00 [Info] [Queryport-connpool:127.0.0.1:9101] active conns 0, free conns 1
2022-09-08T13:04:48.190+00:00 [Info] connected with 1 indexers
2022-09-08T13:04:48.190+00:00 [Info] client stats current counts: current: 1, not current: 0
2022-09-08T13:04:48.196+00:00 [Info] num concurrent scans {0}
2022-09-08T13:04:48.196+00:00 [Info] average scan response {0 ms}
2022-09-08T13:04:50.771+00:00 [Info] [Queryport-connpool:127.0.0.1:9101] active conns 0, free conns 1
2022-09-08T13:05:48.190+00:00 [Info] connected with 1 indexers
2022-09-08T13:05:48.190+00:00 [Info] client stats current counts: current: 1, not current: 0
2022-09-08T13:05:48.197+00:00 [Info] num concurrent scans {0}
2022-09-08T13:05:48.197+00:00 [Info] average scan response {0 ms}
2022-09-08T13:05:50.810+00:00 [Info] [Queryport-connpool:127.0.0.1:9101] active conns 0, free conns 1
2022-09-08T13:06:48.190+00:00 [Info] connected with 1 indexers
2022-09-08T13:06:48.190+00:00 [Info] client stats current counts: current: 1, not current: 0
2022-09-08T13:06:48.196+00:00 [Info] num concurrent scans {0}
2022-09-08T13:06:48.197+00:00 [Info] average scan response {0 ms}
2022-09-08T13:06:50.848+00:00 [Info] [Queryport-connpool:127.0.0.1:9101] active conns 0, free conns 1
2022-09-08T13:07:48.190+00:00 [Info] connected with 1 indexers
2022-09-08T13:07:48.190+00:00 [Info] client stats current counts: current: 1, not current: 0
2022-09-08T13:07:48.196+00:00 [Info] num concurrent scans {0}
2022-09-08T13:07:48.196+00:00 [Info] average scan response {0 ms}
2022-09-08T13:07:50.895+00:00 [Info] [Queryport-connpool:127.0.0.1:9101] active conns 0, free conns 1
2022-09-08T13:08:48.190+00:00 [Info] connected with 1 indexers
2022-09-08T13:08:48.190+00:00 [Info] client stats current counts: current: 1, not current: 0
2022-09-08T13:08:48.197+00:00 [Info] num concurrent scans {0}
2022-09-08T13:08:48.197+00:00 [Info] average scan response {0 ms}
2022-09-08T13:08:50.938+00:00 [Info] [Queryport-connpool:127.0.0.1:9101] active conns 0, free conns 1
2022-09-08T13:09:48.190+00:00 [Info] connected with 1 indexers
2022-09-08T13:09:48.190+00:00 [Info] client stats current counts: current: 1, not current: 0
2022-09-08T13:09:48.197+00:00 [Info] num concurrent scans {0}
2022-09-08T13:09:48.197+00:00 [Info] average scan response {0 ms}
2022-09-08T13:09:50.980+00:00 [Info] [Queryport-connpool:127.0.0.1:9101] active conns 0, free conns 1
2022-09-08T13:10:48.189+00:00 [Info] connected with 1 indexers
2022-09-08T13:10:48.189+00:00 [Info] client stats current counts: current: 1, not current: 0
2022-09-08T13:10:48.196+00:00 [Info] num concurrent scans {0}
2022-09-08T13:10:48.196+00:00 [Info] average scan response {0 ms}
2022-09-08T13:10:51.019+00:00 [Info] [Queryport-connpool:127.0.0.1:9101] active conns 0, free conns 1
2022-09-08T13:11:48.189+00:00 [Info] connected with 1 indexers
2022-09-08T13:11:48.189+00:00 [Info] client stats current counts: current: 1, not current: 0
2022-09-08T13:11:48.197+00:00 [Info] num concurrent scans {0}
2022-09-08T13:11:48.197+00:00 [Info] average scan response {0 ms}
2022-09-08T13:11:51.057+00:00 [Info] [Queryport-connpool:127.0.0.1:9101] active conns 0, free conns 1
2022-09-08T13:12:48.190+00:00 [Info] connected with 1 indexers
2022-09-08T13:12:48.190+00:00 [Info] client stats current counts: current: 1, not current: 0
2022-09-08T13:12:48.196+00:00 [Info] num concurrent scans {0}
2022-09-08T13:12:48.196+00:00 [Info] average scan response {0 ms}
2022-09-08T13:12:51.093+00:00 [Info] [Queryport-connpool:127.0.0.1:9101] active conns 0, free conns 1
2022-09-08T13:13:48.190+00:00 [Info] connected with 1 indexers
2022-09-08T13:13:48.190+00:00 [Info] client stats current counts: current: 1, not current: 0
2022-09-08T13:13:48.197+00:00 [Info] num concurrent scans {0}
2022-09-08T13:13:48.197+00:00 [Info] average scan response {0 ms}
2022-09-08T13:13:51.131+00:00 [Info] [Queryport-connpool:127.0.0.1:9101] active conns 0, free conns 1
2022-09-08T13:14:48.189+00:00 [Info] connected with 1 indexers
2022-09-08T13:14:48.189+00:00 [Info] client stats current counts: current: 1, not current: 0
2022-09-08T13:14:48.197+00:00 [Info] num concurrent scans {0}
2022-09-08T13:14:48.197+00:00 [Info] average scan response {0 ms}
2022-09-08T13:14:51.174+00:00 [Info] [Queryport-connpool:127.0.0.1:9101] active conns 0, free conns 1
2022-09-08T13:15:48.190+00:00 [Info] connected with 1 indexers
2022-09-08T13:15:48.190+00:00 [Info] client stats current counts: current: 1, not current: 0
2022-09-08T13:15:48.196+00:00 [Info] num concurrent scans {0}
2022-09-08T13:15:48.196+00:00 [Info] average scan response {0 ms}
2022-09-08T13:15:51.213+00:00 [Info] [Queryport-connpool:127.0.0.1:9101] active conns 0, free conns 1
2022-09-08T13:16:48.190+00:00 [Info] connected with 1 indexers
2022-09-08T13:16:48.190+00:00 [Info] client stats current counts: current: 1, not current: 0
2022-09-08T13:16:48.197+00:00 [Info] num concurrent scans {0}
2022-09-08T13:16:48.197+00:00 [Info] average scan response {0 ms}
2022-09-08T13:16:51.256+00:00 [Info] [Queryport-connpool:127.0.0.1:9101] active conns 0, free conns 1
2022-09-08T13:17:48.190+00:00 [Info] connected with 1 indexers
2022-09-08T13:17:48.190+00:00 [Info] client stats current counts: current: 1, not current: 0
2022-09-08T13:17:48.196+00:00 [Info] num concurrent scans {0}
2022-09-08T13:17:48.196+00:00 [Info] average scan response {0 ms}
2022-09-08T13:17:51.295+00:00 [Info] [Queryport-connpool:127.0.0.1:9101] active conns 0, free conns 1
2022-09-08T13:18:48.189+00:00 [Info] connected with 1 indexers
2022-09-08T13:18:48.189+00:00 [Info] client stats current counts: current: 1, not current: 0
2022-09-08T13:18:48.197+00:00 [Info] num concurrent scans {0}
2022-09-08T13:18:48.197+00:00 [Info] average scan response {0 ms}
2022-09-08T13:18:51.331+00:00 [Info] [Queryport-connpool:127.0.0.1:9101] active conns 0, free conns 1
2022-09-08T13:19:48.190+00:00 [Info] connected with 1 indexers
2022-09-08T13:19:48.190+00:00 [Info] client stats current counts: current: 1, not current: 0
2022-09-08T13:19:48.197+00:00 [Info] num concurrent scans {0}
2022-09-08T13:19:48.197+00:00 [Info] average scan response {0 ms}
2022-09-08T13:19:51.369+00:00 [Info] [Queryport-connpool:127.0.0.1:9101] active conns 0, free conns 1
2022-09-08T13:20:48.190+00:00 [Info] connected with 1 indexers
2022-09-08T13:20:48.190+00:00 [Info] client stats current counts: current: 1, not current: 0
2022-09-08T13:20:48.197+00:00 [Info] num concurrent scans {0}
2022-09-08T13:20:48.197+00:00 [Info] average scan response {0 ms}
2022-09-08T13:20:51.410+00:00 [Info] [Queryport-connpool:127.0.0.1:9101] active conns 0, free conns 1
2022-09-08T13:21:48.190+00:00 [Info] connected with 1 indexers
2022-09-08T13:21:48.190+00:00 [Info] client stats current counts: current: 1, not current: 0
2022-09-08T13:21:48.197+00:00 [Info] num concurrent scans {0}
2022-09-08T13:21:48.197+00:00 [Info] average scan response {0 ms}
2022-09-08T13:21:51.448+00:00 [Info] [Queryport-connpool:127.0.0.1:9101] active conns 0, free conns 1
2022-09-08T13:22:48.190+00:00 [Info] connected with 1 indexers
2022-09-08T13:22:48.190+00:00 [Info] client stats current counts: current: 1, not current: 0
2022-09-08T13:22:48.197+00:00 [Info] num concurrent scans {0}
2022-09-08T13:22:48.197+00:00 [Info] average scan response {0 ms}
2022-09-08T13:22:51.488+00:00 [Info] [Queryport-connpool:127.0.0.1:9101] active conns 0, free conns 1
2022-09-08T13:23:48.190+00:00 [Info] connected with 1 indexers
2022-09-08T13:23:48.190+00:00 [Info] client stats current counts: current: 1, not current: 0
2022-09-08T13:23:48.197+00:00 [Info] num concurrent scans {0}
2022-09-08T13:23:48.197+00:00 [Info] average scan response {0 ms}
2022-09-08T13:23:51.530+00:00 [Info] [Queryport-connpool:127.0.0.1:9101] active conns 0, free conns 1
2022-09-08T13:24:48.189+00:00 [Info] connected with 1 indexers
2022-09-08T13:24:48.189+00:00 [Info] client stats current counts: current: 1, not current: 0
2022-09-08T13:24:48.196+00:00 [Info] num concurrent scans {0}
2022-09-08T13:24:48.196+00:00 [Info] average scan response {0 ms}
2022-09-08T13:24:51.570+00:00 [Info] [Queryport-connpool:127.0.0.1:9101] active conns 0, free conns 1
2022-09-08T13:25:48.190+00:00 [Info] connected with 1 indexers
2022-09-08T13:25:48.190+00:00 [Info] client stats current counts: current: 1, not current: 0
2022-09-08T13:25:48.197+00:00 [Info] num concurrent scans {0}
2022-09-08T13:25:48.197+00:00 [Info] average scan response {0 ms}
2022-09-08T13:25:51.608+00:00 [Info] [Queryport-connpool:127.0.0.1:9101] active conns 0, free conns 1
2022-09-08T13:26:48.190+00:00 [Info] connected with 1 indexers
2022-09-08T13:26:48.190+00:00 [Info] client stats current counts: current: 1, not current: 0
2022-09-08T13:26:48.197+00:00 [Info] num concurrent scans {0}
2022-09-08T13:26:48.197+00:00 [Info] average scan response {0 ms}
2022-09-08T13:26:51.645+00:00 [Info] [Queryport-connpool:127.0.0.1:9101] active conns 0, free conns 1
2022-09-08T13:27:48.190+00:00 [Info] connected with 1 indexers
2022-09-08T13:27:48.190+00:00 [Info] client stats current counts: current: 1, not current: 0
2022-09-08T13:27:48.197+00:00 [Info] num concurrent scans {0}
2022-09-08T13:27:48.197+00:00 [Info] average scan response {0 ms}
2022-09-08T13:27:51.686+00:00 [Info] [Queryport-connpool:127.0.0.1:9101] active conns 0, free conns 1
2022-09-08T13:28:48.190+00:00 [Info] connected with 1 indexers
2022-09-08T13:28:48.190+00:00 [Info] client stats current counts: current: 1, not current: 0
2022-09-08T13:28:48.197+00:00 [Info] num concurrent scans {0}
2022-09-08T13:28:48.197+00:00 [Info] average scan response {0 ms}
2022-09-08T13:28:51.729+00:00 [Info] [Queryport-connpool:127.0.0.1:9101] active conns 0, free conns 1
2022-09-08T13:29:48.190+00:00 [Info] connected with 1 indexers
2022-09-08T13:29:48.190+00:00 [Info] client stats current counts: current: 1, not current: 0
2022-09-08T13:29:48.197+00:00 [Info] num concurrent scans {0}
2022-09-08T13:29:48.197+00:00 [Info] average scan response {0 ms}
2022-09-08T13:29:51.766+00:00 [Info] [Queryport-connpool:127.0.0.1:9101] active conns 0, free conns 1
2022-09-08T13:30:48.190+00:00 [Info] connected with 1 indexers
2022-09-08T13:30:48.190+00:00 [Info] client stats current counts: current: 1, not current: 0
2022-09-08T13:30:48.197+00:00 [Info] num concurrent scans {0}
2022-09-08T13:30:48.197+00:00 [Info] average scan response {0 ms}
2022-09-08T13:30:51.810+00:00 [Info] [Queryport-connpool:127.0.0.1:9101] active conns 0, free conns 1
2022-09-08T13:31:48.190+00:00 [Info] connected with 1 indexers
2022-09-08T13:31:48.190+00:00 [Info] client stats current counts: current: 1, not current: 0
2022-09-08T13:31:48.197+00:00 [Info] num concurrent scans {0}
2022-09-08T13:31:48.197+00:00 [Info] average scan response {0 ms}
2022-09-08T13:31:51.853+00:00 [Info] [Queryport-connpool:127.0.0.1:9101] active conns 0, free conns 1
2022-09-08T13:32:48.190+00:00 [Info] connected with 1 indexers
2022-09-08T13:32:48.190+00:00 [Info] client stats current counts: current: 1, not current: 0
2022-09-08T13:32:48.197+00:00 [Info] num concurrent scans {0}
2022-09-08T13:32:48.197+00:00 [Info] average scan response {0 ms}
2022-09-08T13:32:51.896+00:00 [Info] [Queryport-connpool:127.0.0.1:9101] active conns 0, free conns 1
2022-09-08T13:33:48.190+00:00 [Info] connected with 1 indexers
2022-09-08T13:33:48.190+00:00 [Info] client stats current counts: current: 1, not current: 0
2022-09-08T13:33:48.196+00:00 [Info] num concurrent scans {0}
2022-09-08T13:33:48.196+00:00 [Info] average scan response {0 ms}
2022-09-08T13:33:51.941+00:00 [Info] [Queryport-connpool:127.0.0.1:9101] active conns 0, free conns 1
2022-09-08T13:34:48.190+00:00 [Info] connected with 1 indexers
2022-09-08T13:34:48.190+00:00 [Info] client stats current counts: current: 1, not current: 0
2022-09-08T13:34:48.197+00:00 [Info] num concurrent scans {0}
2022-09-08T13:34:48.197+00:00 [Info] average scan response {0 ms}
2022-09-08T13:34:51.982+00:00 [Info] [Queryport-connpool:127.0.0.1:9101] active conns 0, free conns 1
2022-09-08T13:35:48.190+00:00 [Info] connected with 1 indexers
2022-09-08T13:35:48.190+00:00 [Info] client stats current counts: current: 1, not current: 0
2022-09-08T13:35:48.196+00:00 [Info] num concurrent scans {0}
2022-09-08T13:35:48.196+00:00 [Info] average scan response {0 ms}
2022-09-08T13:35:52.021+00:00 [Info] [Queryport-connpool:127.0.0.1:9101] active conns 0, free conns 1
2022-09-08T13:36:48.190+00:00 [Info] connected with 1 indexers
2022-09-08T13:36:48.190+00:00 [Info] client stats current counts: current: 1, not current: 0
2022-09-08T13:36:48.196+00:00 [Info] num concurrent scans {0}
2022-09-08T13:36:48.196+00:00 [Info] average scan response {0 ms}
2022-09-08T13:36:52.061+00:00 [Info] [Queryport-connpool:127.0.0.1:9101] active conns 0, free conns 1
2022-09-08T13:37:48.189+00:00 [Info] connected with 1 indexers
2022-09-08T13:37:48.189+00:00 [Info] client stats current counts: current: 1, not current: 0
2022-09-08T13:37:48.197+00:00 [Info] num concurrent scans {0}
2022-09-08T13:37:48.197+00:00 [Info] average scan response {0 ms}
2022-09-08T13:37:52.106+00:00 [Info] [Queryport-connpool:127.0.0.1:9101] active conns 0, free conns 1
2022-09-08T13:38:48.190+00:00 [Info] connected with 1 indexers
2022-09-08T13:38:48.190+00:00 [Info] client stats current counts: current: 1, not current: 0
2022-09-08T13:38:48.197+00:00 [Info] num concurrent scans {0}
2022-09-08T13:38:48.197+00:00 [Info] average scan response {0 ms}
2022-09-08T13:38:52.148+00:00 [Info] [Queryport-connpool:127.0.0.1:9101] active conns 0, free conns 1
2022-09-08T13:46:39.446+00:00 [Info] num concurrent scans {0}
2022-09-08T13:46:39.446+00:00 [Info] average scan response {0 ms}
2022-09-08T13:46:39.446+00:00 [Info] connected with 1 indexers
2022-09-08T13:46:39.447+00:00 [Info] client stats current counts: current: 1, not current: 0
2022-09-08T13:46:39.869+00:00 [INFO] %!(EXTRA string=revrpc: Got error (EOF) and will retry in 1s)
2022-09-08T13:46:48.190+00:00 [Info] connected with 1 indexers
2022-09-08T13:46:48.190+00:00 [Info] client stats current counts: current: 1, not current: 0
2022-09-08T13:46:48.197+00:00 [Info] num concurrent scans {0}
2022-09-08T13:46:48.197+00:00 [Info] average scan response {0 ms}
2022-09-08T13:47:20.405+00:00 [Info] [Queryport-connpool:127.0.0.1:9101] active conns 0, free conns 1
2022-09-08T13:47:48.190+00:00 [Info] connected with 1 indexers
2022-09-08T13:47:48.190+00:00 [Info] client stats current counts: current: 1, not current: 0
2022-09-08T13:47:48.197+00:00 [Info] num concurrent scans {0}
2022-09-08T13:47:48.197+00:00 [Info] average scan response {0 ms}
2022-09-08T13:48:20.448+00:00 [Info] [Queryport-connpool:127.0.0.1:9101] active conns 0, free conns 1
2022-09-08T13:48:48.190+00:00 [Info] connected with 1 indexers
2022-09-08T13:48:48.190+00:00 [Info] client stats current counts: current: 1, not current: 0
2022-09-08T13:48:48.197+00:00 [Info] num concurrent scans {0}
2022-09-08T13:48:48.197+00:00 [Info] average scan response {0 ms}
2022-09-08T13:49:20.490+00:00 [Info] [Queryport-connpool:127.0.0.1:9101] active conns 0, free conns 1
2022-09-08T13:49:48.190+00:00 [Info] connected with 1 indexers
2022-09-08T13:49:48.190+00:00 [Info] client stats current counts: current: 1, not current: 0
2022-09-08T13:49:48.197+00:00 [Info] num concurrent scans {0}
2022-09-08T13:49:48.197+00:00 [Info] average scan response {0 ms}
2022-09-08T13:50:20.532+00:00 [Info] [Queryport-connpool:127.0.0.1:9101] active conns 0, free conns 1
2022-09-08T13:50:48.191+00:00 [Info] connected with 1 indexers
2022-09-08T13:50:48.191+00:00 [Info] client stats current counts: current: 1, not current: 0
2022-09-08T13:50:48.197+00:00 [Info] num concurrent scans {0}
2022-09-08T13:50:48.197+00:00 [Info] average scan response {0 ms}
2022-09-08T13:51:20.572+00:00 [Info] [Queryport-connpool:127.0.0.1:9101] active conns 0, free conns 1
2022-09-08T13:51:48.190+00:00 [Info] connected with 1 indexers
2022-09-08T13:51:48.190+00:00 [Info] client stats current counts: current: 1, not current: 0
2022-09-08T13:51:48.197+00:00 [Info] num concurrent scans {0}
2022-09-08T13:51:48.197+00:00 [Info] average scan response {0 ms}
2022-09-08T13:52:20.614+00:00 [Info] [Queryport-connpool:127.0.0.1:9101] active conns 0, free conns 1
2022-09-08T13:52:48.190+00:00 [Info] connected with 1 indexers
2022-09-08T13:52:48.190+00:00 [Info] client stats current counts: current: 1, not current: 0
2022-09-08T13:52:48.197+00:00 [Info] num concurrent scans {0}
2022-09-08T13:52:48.197+00:00 [Info] average scan response {0 ms}
2022-09-08T13:53:20.652+00:00 [Info] [Queryport-connpool:127.0.0.1:9101] active conns 0, free conns 1
2022-09-08T13:53:48.189+00:00 [Info] connected with 1 indexers
2022-09-08T13:53:48.190+00:00 [Info] client stats current counts: current: 1, not current: 0
2022-09-08T13:53:48.197+00:00 [Info] num concurrent scans {0}
2022-09-08T13:53:48.197+00:00 [Info] average scan response {0 ms}
2022-09-08T13:54:20.693+00:00 [Info] [Queryport-connpool:127.0.0.1:9101] active conns 0, free conns 1
2022-09-08T13:54:48.190+00:00 [Info] connected with 1 indexers
2022-09-08T13:54:48.190+00:00 [Info] client stats current counts: current: 1, not current: 0
2022-09-08T13:54:48.197+00:00 [Info] num concurrent scans {0}
2022-09-08T13:54:48.197+00:00 [Info] average scan response {0 ms}
2022-09-08T13:55:20.737+00:00 [Info] [Queryport-connpool:127.0.0.1:9101] active conns 0, free conns 1
2022-09-08T13:55:48.191+00:00 [Info] connected with 1 indexers
2022-09-08T13:55:48.191+00:00 [Info] client stats current counts: current: 1, not current: 0
2022-09-08T13:55:48.197+00:00 [Info] num concurrent scans {0}
2022-09-08T13:55:48.197+00:00 [Info] average scan response {0 ms}
2022-09-08T13:56:20.777+00:00 [Info] [Queryport-connpool:127.0.0.1:9101] active conns 0, free conns 1
2022-09-08T13:56:48.190+00:00 [Info] connected with 1 indexers
2022-09-08T13:56:48.190+00:00 [Info] client stats current counts: current: 1, not current: 0
2022-09-08T13:56:48.197+00:00 [Info] num concurrent scans {0}
2022-09-08T13:56:48.197+00:00 [Info] average scan response {0 ms}
2022-09-08T13:57:20.818+00:00 [Info] [Queryport-connpool:127.0.0.1:9101] active conns 0, free conns 1
2022-09-08T13:57:48.190+00:00 [Info] connected with 1 indexers
2022-09-08T13:57:48.190+00:00 [Info] client stats current counts: current: 1, not current: 0
2022-09-08T13:57:48.196+00:00 [Info] num concurrent scans {0}
2022-09-08T13:57:48.196+00:00 [Info] average scan response {0 ms}
2022-09-08T13:58:20.857+00:00 [Info] [Queryport-connpool:127.0.0.1:9101] active conns 0, free conns 1
2022-09-08T13:58:48.189+00:00 [Info] connected with 1 indexers
2022-09-08T13:58:48.189+00:00 [Info] client stats current counts: current: 1, not current: 0
2022-09-08T13:58:48.197+00:00 [Info] num concurrent scans {0}
2022-09-08T13:58:48.197+00:00 [Info] average scan response {0 ms}
2022-09-08T13:59:20.894+00:00 [Info] [Queryport-connpool:127.0.0.1:9101] active conns 0, free conns 1
2022-09-08T13:59:48.190+00:00 [Info] connected with 1 indexers
2022-09-08T13:59:48.190+00:00 [Info] client stats current counts: current: 1, not current: 0
2022-09-08T13:59:48.196+00:00 [Info] num concurrent scans {0}
2022-09-08T13:59:48.196+00:00 [Info] average scan response {0 ms}
2022-09-08T14:00:20.929+00:00 [Info] [Queryport-connpool:127.0.0.1:9101] active conns 0, free conns 1
2022-09-08T14:00:48.190+00:00 [Info] connected with 1 indexers
2022-09-08T14:00:48.190+00:00 [Info] client stats current counts: current: 1, not current: 0
2022-09-08T14:00:48.197+00:00 [Info] num concurrent scans {0}
2022-09-08T14:00:48.197+00:00 [Info] average scan response {0 ms}
2022-09-08T14:01:20.967+00:00 [Info] [Queryport-connpool:127.0.0.1:9101] active conns 0, free conns 1
2022-09-08T14:01:48.189+00:00 [Info] connected with 1 indexers
2022-09-08T14:01:48.189+00:00 [Info] client stats current counts: current: 1, not current: 0
2022-09-08T14:01:48.197+00:00 [Info] num concurrent scans {0}
2022-09-08T14:01:48.197+00:00 [Info] average scan response {0 ms}
2022-09-08T14:02:21.006+00:00 [Info] [Queryport-connpool:127.0.0.1:9101] active conns 0, free conns 1
2022-09-08T14:02:48.190+00:00 [Info] connected with 1 indexers
2022-09-08T14:02:48.190+00:00 [Info] client stats current counts: current: 1, not current: 0
2022-09-08T14:02:48.197+00:00 [Info] num concurrent scans {0}
2022-09-08T14:02:48.197+00:00 [Info] average scan response {0 ms}
2022-09-08T14:03:21.042+00:00 [Info] [Queryport-connpool:127.0.0.1:9101] active conns 0, free conns 1
2022-09-08T14:03:48.190+00:00 [Info] connected with 1 indexers
2022-09-08T14:03:48.190+00:00 [Info] client stats current counts: current: 1, not current: 0
2022-09-08T14:03:48.197+00:00 [Info] num concurrent scans {0}
2022-09-08T14:03:48.197+00:00 [Info] average scan response {0 ms}
2022-09-08T14:04:21.078+00:00 [Info] [Queryport-connpool:127.0.0.1:9101] active conns 0, free conns 1
2022-09-08T14:04:48.189+00:00 [Info] connected with 1 indexers
2022-09-08T14:04:48.189+00:00 [Info] client stats current counts: current: 1, not current: 0
2022-09-08T14:04:48.196+00:00 [Info] num concurrent scans {0}
2022-09-08T14:04:48.196+00:00 [Info] average scan response {0 ms}
2022-09-08T14:05:21.123+00:00 [Info] [Queryport-connpool:127.0.0.1:9101] active conns 0, free conns 1
